#
# There is insufficient memory for the Java Runtime Environment to continue.
# Native memory allocation (malloc) failed to allocate 1906096 bytes for Chunk::new
# Possible reasons:
#   The system is out of physical RAM or swap space
#   The process is running with CompressedOops enabled, and the Java Heap may be blocking the growth of the native heap
# Possible solutions:
#   Reduce memory load on the system
#   Increase physical memory or swap space
#   Check if swap backing store is full
#   Decrease Java heap size (-Xmx/-Xms)
#   Decrease number of Java threads
#   Decrease Java thread stack sizes (-Xss)
#   Set larger code cache with -XX:ReservedCodeCacheSize=
#   JVM is running with Unscaled Compressed Oops mode in which the Java heap is
#     placed in the first 4GB address space. The Java Heap base address is the
#     maximum limit for the native heap growth. Please use -XX:HeapBaseMinAddress
#     to set the Java Heap base and to place the Java Heap above 4GB virtual address.
# This output file may be truncated or incomplete.
#
#  Out of Memory Error (arena.cpp:191), pid=9880, tid=14748
#
# JRE version: OpenJDK Runtime Environment (17.0.9) (build 17.0.9+0--11185874)
# Java VM: OpenJDK 64-Bit Server VM (17.0.9+0--11185874, mixed mode, tiered, compressed oops, compressed class ptrs, g1 gc, windows-amd64)
# No core dump will be written. Minidumps are not enabled by default on client versions of Windows
#

---------------  S U M M A R Y ------------

Command Line: --add-opens=java.base/java.util=ALL-UNNAMED --add-opens=java.base/java.lang=ALL-UNNAMED --add-opens=java.base/java.lang.invoke=ALL-UNNAMED --add-opens=java.prefs/java.util.prefs=ALL-UNNAMED --add-opens=java.base/java.nio.charset=ALL-UNNAMED --add-opens=java.base/java.net=ALL-UNNAMED --add-opens=java.base/java.util.concurrent.atomic=ALL-UNNAMED -Xmx2048m -Dfile.encoding=UTF-8 -Duser.country=US -Duser.language=en -Duser.variant -javaagent:C:\Users\Lenovo V14 G2\.gradle\wrapper\dists\gradle-8.4-bin\1w5dpkrfk8irigvoxmyhowfim\gradle-8.4\lib\agents\gradle-instrumentation-agent-8.4.jar org.gradle.launcher.daemon.bootstrap.GradleDaemon 8.4

Host: AMD Ryzen 3 5300U with Radeon Graphics         , 8 cores, 5G,  Windows 10 , 64 bit Build 19041 (10.0.19041.1706)
Time: Sun May  5 21:28:30 2024 Malay Peninsula Standard Time elapsed time: 12.780556 seconds (0d 0h 0m 12s)

---------------  T H R E A D  ---------------

Current thread (0x00000215790220f0):  JavaThread "C2 CompilerThread0" daemon [_thread_in_native, id=14748, stack(0x0000008af3300000,0x0000008af3400000)]


Current CompileTask:
C2:  12780 6562   !   4       java.net.URLClassLoader$1::run (81 bytes)

Stack: [0x0000008af3300000,0x0000008af3400000]
Native frames: (J=compiled Java code, j=interpreted, Vv=VM code, C=native code)
V  [jvm.dll+0x6886e9]
V  [jvm.dll+0x841e4a]
V  [jvm.dll+0x843a8e]
V  [jvm.dll+0x8440f3]
V  [jvm.dll+0x24c14f]
V  [jvm.dll+0xac44c]
V  [jvm.dll+0xaca9c]
V  [jvm.dll+0x36c1f7]
V  [jvm.dll+0x33651a]
V  [jvm.dll+0x3359ba]
V  [jvm.dll+0x21ddb1]
V  [jvm.dll+0x21d1d1]
V  [jvm.dll+0x1a674d]
V  [jvm.dll+0x22d088]
V  [jvm.dll+0x22b1c0]
V  [jvm.dll+0x7f62f7]
V  [jvm.dll+0x7f06aa]
V  [jvm.dll+0x687565]
C  [ucrtbase.dll+0x21bb2]
C  [KERNEL32.DLL+0x17034]
C  [ntdll.dll+0x52651]


---------------  P R O C E S S  ---------------

Threads class SMR info:
_java_thread_list=0x000002157cacaf00, length=51, elements={
0x000002155ad976f0, 0x0000021574bf8a50, 0x0000021574bfa0c0, 0x0000021574c02d00,
0x0000021574c045e0, 0x00000215790207b0, 0x0000021579021080, 0x00000215790220f0,
0x000002157902cf20, 0x0000021574c2cfa0, 0x0000021574b7ebd0, 0x0000021579355020,
0x000002157a4631b0, 0x000002157abe6d50, 0x000002157ac20660, 0x000002157a4c70d0,
0x000002157a4c66b0, 0x000002157a4c75e0, 0x000002157a4c8510, 0x000002157a4c7af0,
0x000002157a4c5c90, 0x000002157a4c61a0, 0x000002157a4c8f30, 0x000002157a4c8a20,
0x000002157a4c6bc0, 0x000002157a4c9440, 0x000002157c1a8830, 0x000002157c1aa690,
0x000002157c1a9250, 0x000002157c1ade40, 0x000002157c1a8d40, 0x000002157c1aaba0,
0x000002157c1ab0b0, 0x000002157c1ad420, 0x000002157c1ae860, 0x000002157c1a9c70,
0x000002157c1ab5c0, 0x000002157c1abfe0, 0x000002157c1a9760, 0x000002157c1ac4f0,
0x000002157c1aca00, 0x000002157c1a73f0, 0x000002157c1acf10, 0x000002157c1ae350,
0x000002157c1a7e10, 0x000002157c1aa180, 0x000002157c1ad930, 0x000002157c1aed70,
0x000002157c1a7900, 0x000002157c1a8320, 0x000002157cc85570
}

Java Threads: ( => current thread )
  0x000002155ad976f0 JavaThread "main" [_thread_blocked, id=3928, stack(0x0000008af2600000,0x0000008af2700000)]
  0x0000021574bf8a50 JavaThread "Reference Handler" daemon [_thread_blocked, id=1892, stack(0x0000008af2d00000,0x0000008af2e00000)]
  0x0000021574bfa0c0 JavaThread "Finalizer" daemon [_thread_blocked, id=13300, stack(0x0000008af2e00000,0x0000008af2f00000)]
  0x0000021574c02d00 JavaThread "Signal Dispatcher" daemon [_thread_blocked, id=9204, stack(0x0000008af2f00000,0x0000008af3000000)]
  0x0000021574c045e0 JavaThread "Attach Listener" daemon [_thread_blocked, id=10920, stack(0x0000008af3000000,0x0000008af3100000)]
  0x00000215790207b0 JavaThread "Service Thread" daemon [_thread_blocked, id=4760, stack(0x0000008af3100000,0x0000008af3200000)]
  0x0000021579021080 JavaThread "Monitor Deflation Thread" daemon [_thread_blocked, id=10864, stack(0x0000008af3200000,0x0000008af3300000)]
=>0x00000215790220f0 JavaThread "C2 CompilerThread0" daemon [_thread_in_native, id=14748, stack(0x0000008af3300000,0x0000008af3400000)]
  0x000002157902cf20 JavaThread "C1 CompilerThread0" daemon [_thread_blocked, id=15176, stack(0x0000008af3400000,0x0000008af3500000)]
  0x0000021574c2cfa0 JavaThread "Sweeper thread" daemon [_thread_blocked, id=13664, stack(0x0000008af3500000,0x0000008af3600000)]
  0x0000021574b7ebd0 JavaThread "Common-Cleaner" daemon [_thread_blocked, id=6540, stack(0x0000008af3600000,0x0000008af3700000)]
  0x0000021579355020 JavaThread "Notification Thread" daemon [_thread_blocked, id=1900, stack(0x0000008af3700000,0x0000008af3800000)]
  0x000002157a4631b0 JavaThread "Daemon health stats" [_thread_blocked, id=6944, stack(0x0000008af3d00000,0x0000008af3e00000)]
  0x000002157abe6d50 JavaThread "Incoming local TCP Connector on port 7449" [_thread_in_native, id=12272, stack(0x0000008af3e00000,0x0000008af3f00000)]
  0x000002157ac20660 JavaThread "Daemon periodic checks" [_thread_blocked, id=1208, stack(0x0000008af3f00000,0x0000008af4000000)]
  0x000002157a4c70d0 JavaThread "Daemon" [_thread_blocked, id=8112, stack(0x0000008af4000000,0x0000008af4100000)]
  0x000002157a4c66b0 JavaThread "Handler for socket connection from /127.0.0.1:7449 to /127.0.0.1:7450" [_thread_in_native, id=2836, stack(0x0000008af4100000,0x0000008af4200000)]
  0x000002157a4c75e0 JavaThread "Cancel handler" [_thread_blocked, id=12904, stack(0x0000008af4200000,0x0000008af4300000)]
  0x000002157a4c8510 JavaThread "Daemon worker" [_thread_in_native, id=9224, stack(0x0000008af4300000,0x0000008af4400000)]
  0x000002157a4c7af0 JavaThread "Asynchronous log dispatcher for DefaultDaemonConnection: socket connection from /127.0.0.1:7449 to /127.0.0.1:7450" [_thread_blocked, id=13860, stack(0x0000008af4400000,0x0000008af4500000)]
  0x000002157a4c5c90 JavaThread "Stdin handler" [_thread_blocked, id=9704, stack(0x0000008af4500000,0x0000008af4600000)]
  0x000002157a4c61a0 JavaThread "Daemon client event forwarder" [_thread_blocked, id=13668, stack(0x0000008af4600000,0x0000008af4700000)]
  0x000002157a4c8f30 JavaThread "Cache worker for journal cache (C:\Users\Lenovo V14 G2\.gradle\caches\journal-1)" [_thread_blocked, id=11024, stack(0x0000008af4b00000,0x0000008af4c00000)]
  0x000002157a4c8a20 JavaThread "File lock request listener" [_thread_in_native, id=2588, stack(0x0000008af4c00000,0x0000008af4d00000)]
  0x000002157a4c6bc0 JavaThread "Cache worker for file hash cache (C:\Users\Lenovo V14 G2\.gradle\caches\8.4\fileHashes)" [_thread_blocked, id=1152, stack(0x0000008af4d00000,0x0000008af4e00000)]
  0x000002157a4c9440 JavaThread "File watcher server" daemon [_thread_in_native, id=4988, stack(0x0000008af4e00000,0x0000008af4f00000)]
  0x000002157c1a8830 JavaThread "File watcher consumer" daemon [_thread_blocked, id=14948, stack(0x0000008af4f00000,0x0000008af5000000)]
  0x000002157c1aa690 JavaThread "Cache worker for checksums cache (C:\Users\Lenovo V14 G2\Documents\Bangkit\Main Courses\Android Intermediate\SUBMISSION\MY PROJECT\MyStoryApp\.gradle\8.4\checksums)" [_thread_blocked, id=14128, stack(0x0000008af5000000,0x0000008af5100000)]
  0x000002157c1a9250 JavaThread "Cache worker for file hash cache (C:\Users\Lenovo V14 G2\Documents\Bangkit\Main Courses\Android Intermediate\SUBMISSION\MY PROJECT\MyStoryApp\.gradle\8.4\fileHashes)" [_thread_blocked, id=8496, stack(0x0000008af5100000,0x0000008af5200000)]
  0x000002157c1ade40 JavaThread "Cache worker for cache directory md-supplier (C:\Users\Lenovo V14 G2\.gradle\caches\8.4\md-supplier)" [_thread_blocked, id=11308, stack(0x0000008af5200000,0x0000008af5300000)]
  0x000002157c1a8d40 JavaThread "Cache worker for file content cache (C:\Users\Lenovo V14 G2\.gradle\caches\8.4\fileContent)" [_thread_blocked, id=5768, stack(0x0000008af5300000,0x0000008af5400000)]
  0x000002157c1aaba0 JavaThread "Cache worker for cache directory md-rule (C:\Users\Lenovo V14 G2\.gradle\caches\8.4\md-rule)" [_thread_blocked, id=10404, stack(0x0000008af5400000,0x0000008af5500000)]
  0x000002157c1ab0b0 JavaThread "Cache worker for execution history cache (C:\Users\Lenovo V14 G2\.gradle\caches\8.4\executionHistory)" [_thread_blocked, id=6020, stack(0x0000008af5500000,0x0000008af5600000)]
  0x000002157c1ad420 JavaThread "Cache worker for kotlin-dsl (C:\Users\Lenovo V14 G2\.gradle\caches\8.4\kotlin-dsl)" [_thread_blocked, id=5636, stack(0x0000008af5700000,0x0000008af5800000)]
  0x000002157c1ae860 JavaThread "jar transforms" [_thread_blocked, id=14968, stack(0x0000008af5800000,0x0000008af5900000)]
  0x000002157c1a9c70 JavaThread "jar transforms Thread 2" [_thread_blocked, id=3240, stack(0x0000008af5900000,0x0000008af5a00000)]
  0x000002157c1ab5c0 JavaThread "jar transforms Thread 3" [_thread_blocked, id=6192, stack(0x0000008af5a00000,0x0000008af5b00000)]
  0x000002157c1abfe0 JavaThread "jar transforms Thread 4" [_thread_blocked, id=12220, stack(0x0000008af5b00000,0x0000008af5c00000)]
  0x000002157c1a9760 JavaThread "Cache worker for dependencies-accessors (C:\Users\Lenovo V14 G2\Documents\Bangkit\Main Courses\Android Intermediate\SUBMISSION\MY PROJECT\MyStoryApp\.gradle\8.4\dependencies-accessors)" [_thread_blocked, id=4512, stack(0x0000008af5c00000,0x0000008af5d00000)]
  0x000002157c1ac4f0 JavaThread "Cache worker for Build Output Cleanup Cache (C:\Users\Lenovo V14 G2\Documents\Bangkit\Main Courses\Android Intermediate\SUBMISSION\MY PROJECT\MyStoryApp\.gradle\buildOutputCleanup)" [_thread_blocked, id=1896, stack(0x0000008af5d00000,0x0000008af5e00000)]
  0x000002157c1aca00 JavaThread "jar transforms Thread 5" [_thread_blocked, id=14324, stack(0x0000008af5e00000,0x0000008af5f00000)]
  0x000002157c1a73f0 JavaThread "jar transforms Thread 6" [_thread_blocked, id=10724, stack(0x0000008af5f00000,0x0000008af6000000)]
  0x000002157c1acf10 JavaThread "Unconstrained build operations" [_thread_blocked, id=5608, stack(0x0000008af6000000,0x0000008af6100000)]
  0x000002157c1ae350 JavaThread "Unconstrained build operations Thread 2" [_thread_blocked, id=3164, stack(0x0000008af6100000,0x0000008af6200000)]
  0x000002157c1a7e10 JavaThread "Unconstrained build operations Thread 3" [_thread_blocked, id=3520, stack(0x0000008af6200000,0x0000008af6300000)]
  0x000002157c1aa180 JavaThread "Unconstrained build operations Thread 4" [_thread_blocked, id=2616, stack(0x0000008af6300000,0x0000008af6400000)]
  0x000002157c1ad930 JavaThread "Unconstrained build operations Thread 5" [_thread_blocked, id=11004, stack(0x0000008af6400000,0x0000008af6500000)]
  0x000002157c1aed70 JavaThread "Unconstrained build operations Thread 6" [_thread_blocked, id=9908, stack(0x0000008af6500000,0x0000008af6600000)]
  0x000002157c1a7900 JavaThread "Unconstrained build operations Thread 7" [_thread_blocked, id=10980, stack(0x0000008af6600000,0x0000008af6700000)]
  0x000002157c1a8320 JavaThread "jar transforms Thread 7" [_thread_blocked, id=14940, stack(0x0000008af6700000,0x0000008af6800000)]
  0x000002157cc85570 JavaThread "jar transforms Thread 8" [_thread_blocked, id=5420, stack(0x0000008af6800000,0x0000008af6900000)]

Other Threads:
  0x0000021574bf4b00 VMThread "VM Thread" [stack: 0x0000008af2c00000,0x0000008af2d00000] [id=15328]
  0x00000215792daa60 WatcherThread [stack: 0x0000008af3800000,0x0000008af3900000] [id=7772]
  0x000002155adf47c0 GCTaskThread "GC Thread#0" [stack: 0x0000008af2700000,0x0000008af2800000] [id=4812]
  0x0000021579980840 GCTaskThread "GC Thread#1" [stack: 0x0000008af3900000,0x0000008af3a00000] [id=8068]
  0x0000021579988430 GCTaskThread "GC Thread#2" [stack: 0x0000008af3a00000,0x0000008af3b00000] [id=6364]
  0x0000021579a8d1e0 GCTaskThread "GC Thread#3" [stack: 0x0000008af3b00000,0x0000008af3c00000] [id=6268]
  0x000002157a0179f0 GCTaskThread "GC Thread#4" [stack: 0x0000008af3c00000,0x0000008af3d00000] [id=9592]
  0x000002157b048660 GCTaskThread "GC Thread#5" [stack: 0x0000008af4700000,0x0000008af4800000] [id=8044]
  0x000002157afedd00 GCTaskThread "GC Thread#6" [stack: 0x0000008af4800000,0x0000008af4900000] [id=8872]
  0x000002157b049d70 GCTaskThread "GC Thread#7" [stack: 0x0000008af4900000,0x0000008af4a00000] [id=10032]
  0x000002155ae05dc0 ConcurrentGCThread "G1 Main Marker" [stack: 0x0000008af2800000,0x0000008af2900000] [id=14712]
  0x000002155ae066f0 ConcurrentGCThread "G1 Conc#0" [stack: 0x0000008af2900000,0x0000008af2a00000] [id=9992]
  0x000002157ae189c0 ConcurrentGCThread "G1 Conc#1" [stack: 0x0000008af4a00000,0x0000008af4b00000] [id=2032]
  0x0000021574a514b0 ConcurrentGCThread "G1 Refine#0" [stack: 0x0000008af2a00000,0x0000008af2b00000] [id=10956]
  0x000002157bfdc590 ConcurrentGCThread "G1 Refine#1" [stack: 0x0000008af5600000,0x0000008af5700000] [id=13544]
  0x0000021574a51df0 ConcurrentGCThread "G1 Service" [stack: 0x0000008af2b00000,0x0000008af2c00000] [id=10580]

Threads with active compile tasks:
C2 CompilerThread0    12804 6562   !   4       java.net.URLClassLoader$1::run (81 bytes)

VM state: not at safepoint (normal execution)

VM Mutex/Monitor currently owned by a thread: None

Heap address: 0x0000000080000000, size: 2048 MB, Compressed Oops mode: 32-bit

CDS archive(s) not mapped
Compressed class space mapped at: 0x0000000100000000-0x0000000140000000, reserved size: 1073741824
Narrow klass base: 0x0000000000000000, Narrow klass shift: 3, Narrow klass range: 0x140000000

GC Precious Log:
 CPUs: 8 total, 8 available
 Memory: 5989M
 Large Page Support: Disabled
 NUMA Support: Disabled
 Compressed Oops: Enabled (32-bit)
 Heap Region Size: 1M
 Heap Min Capacity: 8M
 Heap Initial Capacity: 94M
 Heap Max Capacity: 2G
 Pre-touch: Disabled
 Parallel Workers: 8
 Concurrent Workers: 2
 Concurrent Refinement Workers: 8
 Periodic GC: Disabled

Heap:
 garbage-first heap   total 155648K, used 71149K [0x0000000080000000, 0x0000000100000000)
  region size 1024K, 10 young (10240K), 2 survivors (2048K)
 Metaspace       used 61402K, committed 61952K, reserved 1114112K
  class space    used 8354K, committed 8640K, reserved 1048576K

Heap Regions: E=young(eden), S=young(survivor), O=old, HS=humongous(starts), HC=humongous(continues), CS=collection set, F=free, OA=open archive, CA=closed archive, TAMS=top-at-mark-start (previous, next)
|   0|0x0000000080000000, 0x0000000080100000, 0x0000000080100000|100%|HS|  |TAMS 0x0000000080100000, 0x0000000080000000| Complete 
|   1|0x0000000080100000, 0x0000000080200000, 0x0000000080200000|100%|HC|  |TAMS 0x0000000080200000, 0x0000000080100000| Complete 
|   2|0x0000000080200000, 0x0000000080300000, 0x0000000080300000|100%|HC|  |TAMS 0x0000000080300000, 0x0000000080200000| Complete 
|   3|0x0000000080300000, 0x0000000080400000, 0x0000000080400000|100%|HC|  |TAMS 0x0000000080400000, 0x0000000080300000| Complete 
|   4|0x0000000080400000, 0x0000000080500000, 0x0000000080500000|100%| O|  |TAMS 0x0000000080500000, 0x0000000080400000| Untracked 
|   5|0x0000000080500000, 0x0000000080600000, 0x0000000080600000|100%| O|  |TAMS 0x0000000080600000, 0x0000000080500000| Untracked 
|   6|0x0000000080600000, 0x0000000080700000, 0x0000000080700000|100%| O|  |TAMS 0x0000000080700000, 0x0000000080600000| Untracked 
|   7|0x0000000080700000, 0x0000000080800000, 0x0000000080800000|100%| O|  |TAMS 0x0000000080800000, 0x0000000080700000| Untracked 
|   8|0x0000000080800000, 0x0000000080900000, 0x0000000080900000|100%| O|  |TAMS 0x0000000080900000, 0x0000000080800000| Untracked 
|   9|0x0000000080900000, 0x0000000080a00000, 0x0000000080a00000|100%| O|  |TAMS 0x0000000080a00000, 0x0000000080900000| Untracked 
|  10|0x0000000080a00000, 0x0000000080b00000, 0x0000000080b00000|100%| O|  |TAMS 0x0000000080b00000, 0x0000000080a00000| Untracked 
|  11|0x0000000080b00000, 0x0000000080c00000, 0x0000000080c00000|100%| O|  |TAMS 0x0000000080c00000, 0x0000000080b00000| Untracked 
|  12|0x0000000080c00000, 0x0000000080cb5200, 0x0000000080d00000| 70%| O|  |TAMS 0x0000000080cb5200, 0x0000000080c00000| Untracked 
|  13|0x0000000080d00000, 0x0000000080e00000, 0x0000000080e00000|100%| O|  |TAMS 0x0000000080e00000, 0x0000000080d00000| Untracked 
|  14|0x0000000080e00000, 0x0000000080f00000, 0x0000000080f00000|100%| O|  |TAMS 0x0000000080f00000, 0x0000000080e00000| Untracked 
|  15|0x0000000080f00000, 0x0000000081000000, 0x0000000081000000|100%| O|  |TAMS 0x0000000081000000, 0x0000000080f00000| Untracked 
|  16|0x0000000081000000, 0x0000000081100000, 0x0000000081100000|100%| O|  |TAMS 0x0000000081100000, 0x0000000081000000| Untracked 
|  17|0x0000000081100000, 0x0000000081200000, 0x0000000081200000|100%| O|  |TAMS 0x0000000081200000, 0x0000000081100000| Untracked 
|  18|0x0000000081200000, 0x0000000081300000, 0x0000000081300000|100%| O|  |TAMS 0x0000000081300000, 0x0000000081200000| Untracked 
|  19|0x0000000081300000, 0x0000000081400000, 0x0000000081400000|100%| O|  |TAMS 0x0000000081400000, 0x0000000081300000| Untracked 
|  20|0x0000000081400000, 0x0000000081500000, 0x0000000081500000|100%| O|  |TAMS 0x0000000081500000, 0x0000000081400000| Untracked 
|  21|0x0000000081500000, 0x0000000081600000, 0x0000000081600000|100%| O|  |TAMS 0x0000000081600000, 0x0000000081500000| Untracked 
|  22|0x0000000081600000, 0x0000000081600000, 0x0000000081700000|  0%| F|  |TAMS 0x0000000081600000, 0x0000000081600000| Untracked 
|  23|0x0000000081700000, 0x0000000081800000, 0x0000000081800000|100%|HS|  |TAMS 0x0000000081800000, 0x0000000081700000| Complete 
|  24|0x0000000081800000, 0x0000000081900000, 0x0000000081900000|100%| O|  |TAMS 0x0000000081900000, 0x0000000081800000| Untracked 
|  25|0x0000000081900000, 0x0000000081a00000, 0x0000000081a00000|100%| O|  |TAMS 0x0000000081a00000, 0x0000000081900000| Untracked 
|  26|0x0000000081a00000, 0x0000000081b00000, 0x0000000081b00000|100%| O|  |TAMS 0x0000000081b00000, 0x0000000081a00000| Untracked 
|  27|0x0000000081b00000, 0x0000000081c00000, 0x0000000081c00000|100%| O|  |TAMS 0x0000000081c00000, 0x0000000081b00000| Untracked 
|  28|0x0000000081c00000, 0x0000000081d00000, 0x0000000081d00000|100%| O|  |TAMS 0x0000000081d00000, 0x0000000081c00000| Untracked 
|  29|0x0000000081d00000, 0x0000000081e00000, 0x0000000081e00000|100%| O|  |TAMS 0x0000000081e00000, 0x0000000081d00000| Untracked 
|  30|0x0000000081e00000, 0x0000000081e00000, 0x0000000081f00000|  0%| F|  |TAMS 0x0000000081e00000, 0x0000000081e00000| Untracked 
|  31|0x0000000081f00000, 0x0000000082000000, 0x0000000082000000|100%| O|  |TAMS 0x0000000082000000, 0x0000000081f00000| Untracked 
|  32|0x0000000082000000, 0x0000000082100000, 0x0000000082100000|100%| O|  |TAMS 0x0000000082100000, 0x0000000082000000| Untracked 
|  33|0x0000000082100000, 0x0000000082200000, 0x0000000082200000|100%|HS|  |TAMS 0x0000000082200000, 0x0000000082100000| Complete 
|  34|0x0000000082200000, 0x0000000082300000, 0x0000000082300000|100%|HS|  |TAMS 0x0000000082300000, 0x0000000082200000| Complete 
|  35|0x0000000082300000, 0x0000000082400000, 0x0000000082400000|100%|HS|  |TAMS 0x0000000082400000, 0x0000000082300000| Complete 
|  36|0x0000000082400000, 0x0000000082500000, 0x0000000082500000|100%|HC|  |TAMS 0x0000000082500000, 0x0000000082400000| Complete 
|  37|0x0000000082500000, 0x0000000082600000, 0x0000000082600000|100%| O|  |TAMS 0x0000000082600000, 0x0000000082500000| Untracked 
|  38|0x0000000082600000, 0x0000000082700000, 0x0000000082700000|100%| O|  |TAMS 0x0000000082700000, 0x0000000082600000| Untracked 
|  39|0x0000000082700000, 0x0000000082800000, 0x0000000082800000|100%| O|  |TAMS 0x0000000082800000, 0x0000000082700000| Untracked 
|  40|0x0000000082800000, 0x0000000082900000, 0x0000000082900000|100%| O|  |TAMS 0x0000000082900000, 0x0000000082800000| Untracked 
|  41|0x0000000082900000, 0x0000000082a00000, 0x0000000082a00000|100%| O|  |TAMS 0x0000000082a00000, 0x0000000082900000| Untracked 
|  42|0x0000000082a00000, 0x0000000082b00000, 0x0000000082b00000|100%| O|  |TAMS 0x0000000082b00000, 0x0000000082a00000| Complete 
|  43|0x0000000082b00000, 0x0000000082c00000, 0x0000000082c00000|100%|HS|  |TAMS 0x0000000082c00000, 0x0000000082b00000| Complete 
|  44|0x0000000082c00000, 0x0000000082d00000, 0x0000000082d00000|100%|HC|  |TAMS 0x0000000082d00000, 0x0000000082c00000| Complete 
|  45|0x0000000082d00000, 0x0000000082e00000, 0x0000000082e00000|100%|HS|  |TAMS 0x0000000082e00000, 0x0000000082d00000| Complete 
|  46|0x0000000082e00000, 0x0000000082f00000, 0x0000000082f00000|100%|HS|  |TAMS 0x0000000082f00000, 0x0000000082e00000| Complete 
|  47|0x0000000082f00000, 0x0000000083000000, 0x0000000083000000|100%|HC|  |TAMS 0x0000000083000000, 0x0000000082f00000| Complete 
|  48|0x0000000083000000, 0x0000000083100000, 0x0000000083100000|100%|HC|  |TAMS 0x0000000083100000, 0x0000000083000000| Complete 
|  49|0x0000000083100000, 0x0000000083200000, 0x0000000083200000|100%|HC|  |TAMS 0x0000000083200000, 0x0000000083100000| Complete 
|  50|0x0000000083200000, 0x0000000083300000, 0x0000000083300000|100%| O|  |TAMS 0x0000000083300000, 0x0000000083200000| Untracked 
|  51|0x0000000083300000, 0x0000000083400000, 0x0000000083400000|100%|HS|  |TAMS 0x0000000083400000, 0x0000000083300000| Complete 
|  52|0x0000000083400000, 0x0000000083500000, 0x0000000083500000|100%| O|  |TAMS 0x0000000083500000, 0x0000000083400000| Untracked 
|  53|0x0000000083500000, 0x0000000083600000, 0x0000000083600000|100%| O|  |TAMS 0x0000000083600000, 0x0000000083500000| Untracked 
|  54|0x0000000083600000, 0x0000000083700000, 0x0000000083700000|100%| O|  |TAMS 0x0000000083700000, 0x0000000083600000| Untracked 
|  55|0x0000000083700000, 0x0000000083800000, 0x0000000083800000|100%| O|  |TAMS 0x0000000083800000, 0x0000000083700000| Untracked 
|  56|0x0000000083800000, 0x00000000838a5e00, 0x0000000083900000| 64%| O|  |TAMS 0x00000000838a5e00, 0x0000000083800000| Untracked 
|  57|0x0000000083900000, 0x0000000083a00000, 0x0000000083a00000|100%| O|  |TAMS 0x0000000083a00000, 0x0000000083900000| Untracked 
|  58|0x0000000083a00000, 0x0000000083b00000, 0x0000000083b00000|100%| O|  |TAMS 0x0000000083b00000, 0x0000000083a00000| Untracked 
|  59|0x0000000083b00000, 0x0000000083c00000, 0x0000000083c00000|100%| O|  |TAMS 0x0000000083c00000, 0x0000000083b00000| Untracked 
|  60|0x0000000083c00000, 0x0000000083d00000, 0x0000000083d00000|100%| O|  |TAMS 0x0000000083d00000, 0x0000000083c00000| Untracked 
|  61|0x0000000083d00000, 0x0000000083e00000, 0x0000000083e00000|100%| O|  |TAMS 0x0000000083e00000, 0x0000000083d00000| Untracked 
|  62|0x0000000083e00000, 0x0000000083f00000, 0x0000000083f00000|100%| O|  |TAMS 0x0000000083f00000, 0x0000000083e00000| Untracked 
|  63|0x0000000083f00000, 0x0000000084000000, 0x0000000084000000|100%| O|  |TAMS 0x0000000084000000, 0x0000000083f00000| Untracked 
|  64|0x0000000084000000, 0x0000000084000000, 0x0000000084100000|  0%| F|  |TAMS 0x0000000084000000, 0x0000000084000000| Untracked 
|  65|0x0000000084100000, 0x0000000084100000, 0x0000000084200000|  0%| F|  |TAMS 0x0000000084100000, 0x0000000084100000| Untracked 
|  66|0x0000000084200000, 0x0000000084200000, 0x0000000084300000|  0%| F|  |TAMS 0x0000000084200000, 0x0000000084200000| Untracked 
|  67|0x0000000084300000, 0x0000000084300000, 0x0000000084400000|  0%| F|  |TAMS 0x0000000084300000, 0x0000000084300000| Untracked 
|  68|0x0000000084400000, 0x0000000084400000, 0x0000000084500000|  0%| F|  |TAMS 0x0000000084400000, 0x0000000084400000| Untracked 
|  69|0x0000000084500000, 0x0000000084500000, 0x0000000084600000|  0%| F|  |TAMS 0x0000000084500000, 0x0000000084500000| Untracked 
|  70|0x0000000084600000, 0x0000000084600000, 0x0000000084700000|  0%| F|  |TAMS 0x0000000084600000, 0x0000000084600000| Untracked 
|  71|0x0000000084700000, 0x0000000084700000, 0x0000000084800000|  0%| F|  |TAMS 0x0000000084700000, 0x0000000084700000| Untracked 
|  72|0x0000000084800000, 0x0000000084800000, 0x0000000084900000|  0%| F|  |TAMS 0x0000000084800000, 0x0000000084800000| Untracked 
|  73|0x0000000084900000, 0x0000000084900000, 0x0000000084a00000|  0%| F|  |TAMS 0x0000000084900000, 0x0000000084900000| Untracked 
|  74|0x0000000084a00000, 0x0000000084a00000, 0x0000000084b00000|  0%| F|  |TAMS 0x0000000084a00000, 0x0000000084a00000| Untracked 
|  75|0x0000000084b00000, 0x0000000084b00000, 0x0000000084c00000|  0%| F|  |TAMS 0x0000000084b00000, 0x0000000084b00000| Untracked 
|  76|0x0000000084c00000, 0x0000000084c00000, 0x0000000084d00000|  0%| F|  |TAMS 0x0000000084c00000, 0x0000000084c00000| Untracked 
|  77|0x0000000084d00000, 0x0000000084d00000, 0x0000000084e00000|  0%| F|  |TAMS 0x0000000084d00000, 0x0000000084d00000| Untracked 
|  78|0x0000000084e00000, 0x0000000084e00000, 0x0000000084f00000|  0%| F|  |TAMS 0x0000000084e00000, 0x0000000084e00000| Untracked 
|  79|0x0000000084f00000, 0x0000000084f00000, 0x0000000085000000|  0%| F|  |TAMS 0x0000000084f00000, 0x0000000084f00000| Untracked 
|  80|0x0000000085000000, 0x0000000085000000, 0x0000000085100000|  0%| F|  |TAMS 0x0000000085000000, 0x0000000085000000| Untracked 
|  81|0x0000000085100000, 0x0000000085100000, 0x0000000085200000|  0%| F|  |TAMS 0x0000000085100000, 0x0000000085100000| Untracked 
|  82|0x0000000085200000, 0x00000000852206a0, 0x0000000085300000| 12%| S|CS|TAMS 0x0000000085200000, 0x0000000085200000| Complete 
|  83|0x0000000085300000, 0x0000000085400000, 0x0000000085400000|100%| S|CS|TAMS 0x0000000085300000, 0x0000000085300000| Complete 
|  84|0x0000000085400000, 0x0000000085400000, 0x0000000085500000|  0%| F|  |TAMS 0x0000000085400000, 0x0000000085400000| Untracked 
|  85|0x0000000085500000, 0x0000000085500000, 0x0000000085600000|  0%| F|  |TAMS 0x0000000085500000, 0x0000000085500000| Untracked 
|  86|0x0000000085600000, 0x0000000085600000, 0x0000000085700000|  0%| F|  |TAMS 0x0000000085600000, 0x0000000085600000| Untracked 
|  87|0x0000000085700000, 0x0000000085700000, 0x0000000085800000|  0%| F|  |TAMS 0x0000000085700000, 0x0000000085700000| Untracked 
|  88|0x0000000085800000, 0x0000000085800000, 0x0000000085900000|  0%| F|  |TAMS 0x0000000085800000, 0x0000000085800000| Untracked 
|  89|0x0000000085900000, 0x0000000085900000, 0x0000000085a00000|  0%| F|  |TAMS 0x0000000085900000, 0x0000000085900000| Untracked 
|  90|0x0000000085a00000, 0x0000000085a00000, 0x0000000085b00000|  0%| F|  |TAMS 0x0000000085a00000, 0x0000000085a00000| Untracked 
|  91|0x0000000085b00000, 0x0000000085b00000, 0x0000000085c00000|  0%| F|  |TAMS 0x0000000085b00000, 0x0000000085b00000| Untracked 
|  92|0x0000000085c00000, 0x0000000085c00000, 0x0000000085d00000|  0%| F|  |TAMS 0x0000000085c00000, 0x0000000085c00000| Untracked 
|  93|0x0000000085d00000, 0x0000000085d00000, 0x0000000085e00000|  0%| F|  |TAMS 0x0000000085d00000, 0x0000000085d00000| Untracked 
|  94|0x0000000085e00000, 0x0000000085e00000, 0x0000000085f00000|  0%| F|  |TAMS 0x0000000085e00000, 0x0000000085e00000| Untracked 
|  95|0x0000000085f00000, 0x0000000085f00000, 0x0000000086000000|  0%| F|  |TAMS 0x0000000085f00000, 0x0000000085f00000| Untracked 
|  96|0x0000000086000000, 0x0000000086000000, 0x0000000086100000|  0%| F|  |TAMS 0x0000000086000000, 0x0000000086000000| Untracked 
|  97|0x0000000086100000, 0x0000000086100000, 0x0000000086200000|  0%| F|  |TAMS 0x0000000086100000, 0x0000000086100000| Untracked 
|  98|0x0000000086200000, 0x0000000086200000, 0x0000000086300000|  0%| F|  |TAMS 0x0000000086200000, 0x0000000086200000| Untracked 
|  99|0x0000000086300000, 0x0000000086300000, 0x0000000086400000|  0%| F|  |TAMS 0x0000000086300000, 0x0000000086300000| Untracked 
| 100|0x0000000086400000, 0x0000000086400000, 0x0000000086500000|  0%| F|  |TAMS 0x0000000086400000, 0x0000000086400000| Untracked 
| 101|0x0000000086500000, 0x0000000086500000, 0x0000000086600000|  0%| F|  |TAMS 0x0000000086500000, 0x0000000086500000| Untracked 
| 102|0x0000000086600000, 0x0000000086600000, 0x0000000086700000|  0%| F|  |TAMS 0x0000000086600000, 0x0000000086600000| Untracked 
| 103|0x0000000086700000, 0x0000000086700000, 0x0000000086800000|  0%| F|  |TAMS 0x0000000086700000, 0x0000000086700000| Untracked 
| 104|0x0000000086800000, 0x0000000086800000, 0x0000000086900000|  0%| F|  |TAMS 0x0000000086800000, 0x0000000086800000| Untracked 
| 105|0x0000000086900000, 0x0000000086900000, 0x0000000086a00000|  0%| F|  |TAMS 0x0000000086900000, 0x0000000086900000| Untracked 
| 106|0x0000000086a00000, 0x0000000086a00000, 0x0000000086b00000|  0%| F|  |TAMS 0x0000000086a00000, 0x0000000086a00000| Untracked 
| 107|0x0000000086b00000, 0x0000000086b00000, 0x0000000086c00000|  0%| F|  |TAMS 0x0000000086b00000, 0x0000000086b00000| Untracked 
| 108|0x0000000086c00000, 0x0000000086c00000, 0x0000000086d00000|  0%| F|  |TAMS 0x0000000086c00000, 0x0000000086c00000| Untracked 
| 109|0x0000000086d00000, 0x0000000086d00000, 0x0000000086e00000|  0%| F|  |TAMS 0x0000000086d00000, 0x0000000086d00000| Untracked 
| 110|0x0000000086e00000, 0x0000000086e00000, 0x0000000086f00000|  0%| F|  |TAMS 0x0000000086e00000, 0x0000000086e00000| Untracked 
| 111|0x0000000086f00000, 0x0000000086f00000, 0x0000000087000000|  0%| F|  |TAMS 0x0000000086f00000, 0x0000000086f00000| Untracked 
| 112|0x0000000087000000, 0x0000000087000000, 0x0000000087100000|  0%| F|  |TAMS 0x0000000087000000, 0x0000000087000000| Untracked 
| 113|0x0000000087100000, 0x0000000087100000, 0x0000000087200000|  0%| F|  |TAMS 0x0000000087100000, 0x0000000087100000| Untracked 
| 114|0x0000000087200000, 0x0000000087200000, 0x0000000087300000|  0%| F|  |TAMS 0x0000000087200000, 0x0000000087200000| Untracked 
| 115|0x0000000087300000, 0x0000000087300000, 0x0000000087400000|  0%| F|  |TAMS 0x0000000087300000, 0x0000000087300000| Untracked 
| 116|0x0000000087400000, 0x0000000087400000, 0x0000000087500000|  0%| F|  |TAMS 0x0000000087400000, 0x0000000087400000| Untracked 
| 117|0x0000000087500000, 0x0000000087500000, 0x0000000087600000|  0%| F|  |TAMS 0x0000000087500000, 0x0000000087500000| Untracked 
| 118|0x0000000087600000, 0x0000000087600000, 0x0000000087700000|  0%| F|  |TAMS 0x0000000087600000, 0x0000000087600000| Untracked 
| 119|0x0000000087700000, 0x0000000087700000, 0x0000000087800000|  0%| F|  |TAMS 0x0000000087700000, 0x0000000087700000| Untracked 
| 120|0x0000000087800000, 0x0000000087800000, 0x0000000087900000|  0%| F|  |TAMS 0x0000000087800000, 0x0000000087800000| Untracked 
| 121|0x0000000087900000, 0x0000000087900000, 0x0000000087a00000|  0%| F|  |TAMS 0x0000000087900000, 0x0000000087900000| Untracked 
| 122|0x0000000087a00000, 0x0000000087a00000, 0x0000000087b00000|  0%| F|  |TAMS 0x0000000087a00000, 0x0000000087a00000| Untracked 
| 123|0x0000000087b00000, 0x0000000087b00000, 0x0000000087c00000|  0%| F|  |TAMS 0x0000000087b00000, 0x0000000087b00000| Untracked 
| 124|0x0000000087c00000, 0x0000000087c00000, 0x0000000087d00000|  0%| F|  |TAMS 0x0000000087c00000, 0x0000000087c00000| Untracked 
| 125|0x0000000087d00000, 0x0000000087d00000, 0x0000000087e00000|  0%| F|  |TAMS 0x0000000087d00000, 0x0000000087d00000| Untracked 
| 126|0x0000000087e00000, 0x0000000087e00000, 0x0000000087f00000|  0%| F|  |TAMS 0x0000000087e00000, 0x0000000087e00000| Untracked 
| 127|0x0000000087f00000, 0x0000000087f00000, 0x0000000088000000|  0%| F|  |TAMS 0x0000000087f00000, 0x0000000087f00000| Untracked 
| 128|0x0000000088000000, 0x0000000088000000, 0x0000000088100000|  0%| F|  |TAMS 0x0000000088000000, 0x0000000088000000| Untracked 
| 129|0x0000000088100000, 0x0000000088100000, 0x0000000088200000|  0%| F|  |TAMS 0x0000000088100000, 0x0000000088100000| Untracked 
| 130|0x0000000088200000, 0x0000000088200000, 0x0000000088300000|  0%| F|  |TAMS 0x0000000088200000, 0x0000000088200000| Untracked 
| 131|0x0000000088300000, 0x0000000088300000, 0x0000000088400000|  0%| F|  |TAMS 0x0000000088300000, 0x0000000088300000| Untracked 
| 132|0x0000000088400000, 0x0000000088400000, 0x0000000088500000|  0%| F|  |TAMS 0x0000000088400000, 0x0000000088400000| Untracked 
| 133|0x0000000088500000, 0x0000000088500000, 0x0000000088600000|  0%| F|  |TAMS 0x0000000088500000, 0x0000000088500000| Untracked 
| 134|0x0000000088600000, 0x0000000088600000, 0x0000000088700000|  0%| F|  |TAMS 0x0000000088600000, 0x0000000088600000| Untracked 
| 135|0x0000000088700000, 0x0000000088700000, 0x0000000088800000|  0%| F|  |TAMS 0x0000000088700000, 0x0000000088700000| Untracked 
| 136|0x0000000088800000, 0x0000000088800000, 0x0000000088900000|  0%| F|  |TAMS 0x0000000088800000, 0x0000000088800000| Untracked 
| 137|0x0000000088900000, 0x0000000088900000, 0x0000000088a00000|  0%| F|  |TAMS 0x0000000088900000, 0x0000000088900000| Untracked 
| 138|0x0000000088a00000, 0x0000000088a00000, 0x0000000088b00000|  0%| F|  |TAMS 0x0000000088a00000, 0x0000000088a00000| Untracked 
| 139|0x0000000088b00000, 0x0000000088b00000, 0x0000000088c00000|  0%| F|  |TAMS 0x0000000088b00000, 0x0000000088b00000| Untracked 
| 140|0x0000000088c00000, 0x0000000088c00000, 0x0000000088d00000|  0%| F|  |TAMS 0x0000000088c00000, 0x0000000088c00000| Untracked 
| 141|0x0000000088d00000, 0x0000000088d00000, 0x0000000088e00000|  0%| F|  |TAMS 0x0000000088d00000, 0x0000000088d00000| Untracked 
| 142|0x0000000088e00000, 0x0000000088e00000, 0x0000000088f00000|  0%| F|  |TAMS 0x0000000088e00000, 0x0000000088e00000| Untracked 
| 143|0x0000000088f00000, 0x0000000088f00000, 0x0000000089000000|  0%| F|  |TAMS 0x0000000088f00000, 0x0000000088f00000| Untracked 
| 144|0x0000000089000000, 0x0000000089100000, 0x0000000089100000|100%| E|  |TAMS 0x0000000089000000, 0x0000000089000000| Complete 
| 145|0x0000000089100000, 0x0000000089200000, 0x0000000089200000|100%| E|CS|TAMS 0x0000000089100000, 0x0000000089100000| Complete 
| 146|0x0000000089200000, 0x0000000089300000, 0x0000000089300000|100%| E|CS|TAMS 0x0000000089200000, 0x0000000089200000| Complete 
| 147|0x0000000089300000, 0x0000000089400000, 0x0000000089400000|100%| E|CS|TAMS 0x0000000089300000, 0x0000000089300000| Complete 
| 148|0x0000000089400000, 0x0000000089500000, 0x0000000089500000|100%| E|CS|TAMS 0x0000000089400000, 0x0000000089400000| Complete 
| 149|0x0000000089500000, 0x0000000089600000, 0x0000000089600000|100%| E|CS|TAMS 0x0000000089500000, 0x0000000089500000| Complete 
| 150|0x0000000089600000, 0x0000000089700000, 0x0000000089700000|100%| E|CS|TAMS 0x0000000089600000, 0x0000000089600000| Complete 
| 151|0x0000000089700000, 0x0000000089800000, 0x0000000089800000|100%| E|CS|TAMS 0x0000000089700000, 0x0000000089700000| Complete 

Card table byte_map: [0x000002156d9b0000,0x000002156ddb0000] _byte_map_base: 0x000002156d5b0000

Marking Bits (Prev, Next): (CMBitMap*) 0x000002155adf4d30, (CMBitMap*) 0x000002155adf4cf0
 Prev Bits: [0x00000215701b0000, 0x00000215721b0000)
 Next Bits: [0x000002156e1b0000, 0x00000215701b0000)

Polling page: 0x0000021558cf0000

Metaspace:

Usage:
  Non-class:     51.82 MB used.
      Class:      8.16 MB used.
       Both:     59.99 MB used.

Virtual space:
  Non-class space:       64.00 MB reserved,      52.12 MB ( 81%) committed,  1 nodes.
      Class space:        1.00 GB reserved,       8.44 MB ( <1%) committed,  1 nodes.
             Both:        1.06 GB reserved,      60.56 MB (  6%) committed. 

Chunk freelists:
   Non-Class:  11.70 MB
       Class:  7.58 MB
        Both:  19.28 MB

MaxMetaspaceSize: unlimited
CompressedClassSpaceSize: 1.00 GB
Initial GC threshold: 21.00 MB
Current GC threshold: 99.94 MB
CDS: off
MetaspaceReclaimPolicy: balanced
 - commit_granule_bytes: 65536.
 - commit_granule_words: 8192.
 - virtual_space_node_default_size: 8388608.
 - enlarge_chunks_in_place: 1.
 - new_chunks_are_fully_committed: 0.
 - uncommit_free_chunks: 1.
 - use_allocation_guard: 0.
 - handle_deallocations: 1.


Internal statistics:

num_allocs_failed_limit: 6.
num_arena_births: 720.
num_arena_deaths: 0.
num_vsnodes_births: 2.
num_vsnodes_deaths: 0.
num_space_committed: 969.
num_space_uncommitted: 0.
num_chunks_returned_to_freelist: 6.
num_chunks_taken_from_freelist: 2817.
num_chunk_merges: 3.
num_chunk_splits: 1864.
num_chunks_enlarged: 1255.
num_inconsistent_stats: 0.

CodeHeap 'non-profiled nmethods': size=120000Kb used=2434Kb max_used=3244Kb free=117565Kb
 bounds [0x0000021565d50000, 0x0000021566080000, 0x000002156d280000]
CodeHeap 'profiled nmethods': size=120000Kb used=10359Kb max_used=12510Kb free=109640Kb
 bounds [0x000002155e280000, 0x000002155eec0000, 0x00000215657b0000]
CodeHeap 'non-nmethods': size=5760Kb used=1634Kb max_used=1671Kb free=4125Kb
 bounds [0x00000215657b0000, 0x0000021565a20000, 0x0000021565d50000]
 total_blobs=6387 nmethods=5677 adapters=622
 compilation: enabled
              stopped_count=0, restarted_count=0
 full_count=0

Compilation events (20 events):
Event: 12.551 Thread 0x00000215790220f0 nmethod 6554 0x0000021565dad290 code [0x0000021565dad400, 0x0000021565dad4b8]
Event: 12.551 Thread 0x00000215790220f0 6556       4       org.objectweb.asm.MethodVisitor::<init> (94 bytes)
Event: 12.552 Thread 0x00000215790220f0 nmethod 6556 0x0000021565d5b990 code [0x0000021565d5bb00, 0x0000021565d5bc78]
Event: 12.552 Thread 0x00000215790220f0 6555       4       org.objectweb.asm.Frame::getLocal (46 bytes)
Event: 12.553 Thread 0x00000215790220f0 nmethod 6555 0x0000021565dc0e10 code [0x0000021565dc0f80, 0x0000021565dc1058]
Event: 12.556 Thread 0x000002157902cf20 6557       1       jdk.internal.reflect.ClassFileAssembler::setMaxLocals (6 bytes)
Event: 12.556 Thread 0x000002157902cf20 nmethod 6557 0x0000021565e15f10 code [0x0000021565e160a0, 0x0000021565e16178]
Event: 12.556 Thread 0x000002157902cf20 6559       3       jdk.internal.reflect.ClassFileAssembler::opc_invokespecial (26 bytes)
Event: 12.556 Thread 0x000002157902cf20 nmethod 6559 0x000002155e2fb890 code [0x000002155e2fbaa0, 0x000002155e2fbfe8]
Event: 12.556 Thread 0x000002157902cf20 6560       3       jdk.internal.reflect.ClassFileAssembler::emitInt (46 bytes)
Event: 12.557 Thread 0x000002157902cf20 nmethod 6560 0x000002155e37d110 code [0x000002155e37d320, 0x000002155e37d818]
Event: 12.557 Thread 0x000002157902cf20 6558       3       jdk.internal.reflect.ClassFileAssembler::opc_new (16 bytes)
Event: 12.557 Thread 0x000002157902cf20 nmethod 6558 0x000002155e3bc690 code [0x000002155e3bc8a0, 0x000002155e3bcde8]
Event: 12.559 Thread 0x000002157902cf20 6561       3       jdk.internal.reflect.ByteVectorImpl::put (27 bytes)
Event: 12.559 Thread 0x000002157902cf20 nmethod 6561 0x000002155e2a7210 code [0x000002155e2a73c0, 0x000002155e2a75a8]
Event: 12.593 Thread 0x00000215790220f0 6562   !   4       java.net.URLClassLoader$1::run (81 bytes)
Event: 12.605 Thread 0x000002157902cf20 6563       3       java.lang.reflect.Method::getTypeParameters (20 bytes)
Event: 12.605 Thread 0x000002157902cf20 nmethod 6563 0x000002155e4f1c10 code [0x000002155e4f1e80, 0x000002155e4f2c28]
Event: 12.606 Thread 0x000002157902cf20 6565       3       java.lang.invoke.MethodHandles$Lookup::lookupModes (8 bytes)
Event: 12.606 Thread 0x000002157902cf20 nmethod 6565 0x000002155e284490 code [0x000002155e284620, 0x000002155e284738]

GC Heap History (20 events):
Event: 7.662 GC heap before
{Heap before GC invocations=12 (full 0):
 garbage-first heap   total 82944K, used 63415K [0x0000000080000000, 0x0000000100000000)
  region size 1024K, 35 young (35840K), 4 survivors (4096K)
 Metaspace       used 49019K, committed 49536K, reserved 1114112K
  class space    used 6618K, committed 6848K, reserved 1048576K
}
Event: 7.665 GC heap after
{Heap after GC invocations=13 (full 0):
 garbage-first heap   total 82944K, used 33364K [0x0000000080000000, 0x0000000100000000)
  region size 1024K, 4 young (4096K), 4 survivors (4096K)
 Metaspace       used 49019K, committed 49536K, reserved 1114112K
  class space    used 6618K, committed 6848K, reserved 1048576K
}
Event: 8.252 GC heap before
{Heap before GC invocations=13 (full 0):
 garbage-first heap   total 82944K, used 64084K [0x0000000080000000, 0x0000000100000000)
  region size 1024K, 34 young (34816K), 4 survivors (4096K)
 Metaspace       used 53000K, committed 53504K, reserved 1114112K
  class space    used 7275K, committed 7488K, reserved 1048576K
}
Event: 8.256 GC heap after
{Heap after GC invocations=14 (full 0):
 garbage-first heap   total 82944K, used 35197K [0x0000000080000000, 0x0000000100000000)
  region size 1024K, 4 young (4096K), 4 survivors (4096K)
 Metaspace       used 53000K, committed 53504K, reserved 1114112K
  class space    used 7275K, committed 7488K, reserved 1048576K
}
Event: 9.910 GC heap before
{Heap before GC invocations=14 (full 0):
 garbage-first heap   total 82944K, used 64893K [0x0000000080000000, 0x0000000100000000)
  region size 1024K, 33 young (33792K), 4 survivors (4096K)
 Metaspace       used 55561K, committed 56000K, reserved 1114112K
  class space    used 7622K, committed 7808K, reserved 1048576K
}
Event: 9.915 GC heap after
{Heap after GC invocations=15 (full 0):
 garbage-first heap   total 82944K, used 38486K [0x0000000080000000, 0x0000000100000000)
  region size 1024K, 5 young (5120K), 5 survivors (5120K)
 Metaspace       used 55561K, committed 56000K, reserved 1114112K
  class space    used 7622K, committed 7808K, reserved 1048576K
}
Event: 10.605 GC heap before
{Heap before GC invocations=15 (full 0):
 garbage-first heap   total 82944K, used 65110K [0x0000000080000000, 0x0000000100000000)
  region size 1024K, 29 young (29696K), 5 survivors (5120K)
 Metaspace       used 56094K, committed 56640K, reserved 1114112K
  class space    used 7673K, committed 7936K, reserved 1048576K
}
Event: 10.612 GC heap after
{Heap after GC invocations=16 (full 0):
 garbage-first heap   total 82944K, used 47462K [0x0000000080000000, 0x0000000100000000)
  region size 1024K, 4 young (4096K), 4 survivors (4096K)
 Metaspace       used 56094K, committed 56640K, reserved 1114112K
  class space    used 7673K, committed 7936K, reserved 1048576K
}
Event: 11.117 GC heap before
{Heap before GC invocations=17 (full 0):
 garbage-first heap   total 87040K, used 73062K [0x0000000080000000, 0x0000000100000000)
  region size 1024K, 21 young (21504K), 4 survivors (4096K)
 Metaspace       used 56786K, committed 57344K, reserved 1114112K
  class space    used 7791K, committed 8064K, reserved 1048576K
}
Event: 11.122 GC heap after
{Heap after GC invocations=18 (full 0):
 garbage-first heap   total 87040K, used 62280K [0x0000000080000000, 0x0000000100000000)
  region size 1024K, 3 young (3072K), 3 survivors (3072K)
 Metaspace       used 56786K, committed 57344K, reserved 1114112K
  class space    used 7791K, committed 8064K, reserved 1048576K
}
Event: 11.149 GC heap before
{Heap before GC invocations=18 (full 0):
 garbage-first heap   total 87040K, used 62280K [0x0000000080000000, 0x0000000100000000)
  region size 1024K, 4 young (4096K), 3 survivors (3072K)
 Metaspace       used 56871K, committed 57408K, reserved 1114112K
  class space    used 7803K, committed 8064K, reserved 1048576K
}
Event: 11.153 GC heap after
{Heap after GC invocations=19 (full 0):
 garbage-first heap   total 87040K, used 62472K [0x0000000080000000, 0x0000000100000000)
  region size 1024K, 1 young (1024K), 1 survivors (1024K)
 Metaspace       used 56871K, committed 57408K, reserved 1114112K
  class space    used 7803K, committed 8064K, reserved 1048576K
}
Event: 11.265 GC heap before
{Heap before GC invocations=19 (full 0):
 garbage-first heap   total 87040K, used 67592K [0x0000000080000000, 0x0000000100000000)
  region size 1024K, 8 young (8192K), 1 survivors (1024K)
 Metaspace       used 57296K, committed 57856K, reserved 1114112K
  class space    used 7838K, committed 8128K, reserved 1048576K
}
Event: 11.266 GC heap after
{Heap after GC invocations=20 (full 0):
 garbage-first heap   total 87040K, used 62899K [0x0000000080000000, 0x0000000100000000)
  region size 1024K, 1 young (1024K), 1 survivors (1024K)
 Metaspace       used 57296K, committed 57856K, reserved 1114112K
  class space    used 7838K, committed 8128K, reserved 1048576K
}
Event: 11.561 GC heap before
{Heap before GC invocations=21 (full 0):
 garbage-first heap   total 112640K, used 72115K [0x0000000080000000, 0x0000000100000000)
  region size 1024K, 10 young (10240K), 1 survivors (1024K)
 Metaspace       used 57989K, committed 58624K, reserved 1114112K
  class space    used 7928K, committed 8256K, reserved 1048576K
}
Event: 11.563 GC heap after
{Heap after GC invocations=22 (full 0):
 garbage-first heap   total 112640K, used 64241K [0x0000000080000000, 0x0000000100000000)
  region size 1024K, 1 young (1024K), 1 survivors (1024K)
 Metaspace       used 57989K, committed 58624K, reserved 1114112K
  class space    used 7928K, committed 8256K, reserved 1048576K
}
Event: 11.669 GC heap before
{Heap before GC invocations=22 (full 0):
 garbage-first heap   total 112640K, used 68337K [0x0000000080000000, 0x0000000100000000)
  region size 1024K, 5 young (5120K), 1 survivors (1024K)
 Metaspace       used 58301K, committed 58880K, reserved 1114112K
  class space    used 7975K, committed 8256K, reserved 1048576K
}
Event: 11.671 GC heap after
{Heap after GC invocations=23 (full 0):
 garbage-first heap   total 112640K, used 63235K [0x0000000080000000, 0x0000000100000000)
  region size 1024K, 1 young (1024K), 1 survivors (1024K)
 Metaspace       used 58301K, committed 58880K, reserved 1114112K
  class space    used 7975K, committed 8256K, reserved 1048576K
}
Event: 12.649 GC heap before
{Heap before GC invocations=23 (full 0):
 garbage-first heap   total 112640K, used 87811K [0x0000000080000000, 0x0000000100000000)
  region size 1024K, 26 young (26624K), 1 survivors (1024K)
 Metaspace       used 60735K, committed 61312K, reserved 1114112K
  class space    used 8269K, committed 8576K, reserved 1048576K
}
Event: 12.652 GC heap after
{Heap after GC invocations=24 (full 0):
 garbage-first heap   total 155648K, used 63981K [0x0000000080000000, 0x0000000100000000)
  region size 1024K, 2 young (2048K), 2 survivors (2048K)
 Metaspace       used 60735K, committed 61312K, reserved 1114112K
  class space    used 8269K, committed 8576K, reserved 1048576K
}

Dll operation events (3 events):
Event: 0.027 Loaded shared library C:\Program Files\Android\Android Studio\jbr\bin\java.dll
Event: 0.986 Loaded shared library C:\Program Files\Android\Android Studio\jbr\bin\zip.dll
Event: 1.973 Loaded shared library C:\Program Files\Android\Android Studio\jbr\bin\verify.dll

Deoptimization events (20 events):
Event: 12.554 Thread 0x000002157a4c8510 Uncommon trap: trap_request=0xffffffbe fr.pc=0x0000021565d6de98 relative=0x00000000000003b8
Event: 12.554 Thread 0x000002157a4c8510 Uncommon trap: reason=profile_predicate action=maybe_recompile pc=0x0000021565d6de98 method=sun.instrument.TransformerManager.transform(Ljava/lang/Module;Ljava/lang/ClassLoader;Ljava/lang/String;Ljava/lang/Class;Ljava/security/ProtectionDomain;[B)[B @ 21 
Event: 12.554 Thread 0x000002157a4c8510 DEOPT PACKING pc=0x0000021565d6de98 sp=0x0000008af43f52f0
Event: 12.554 Thread 0x000002157a4c8510 DEOPT UNPACKING pc=0x00000215658069a3 sp=0x0000008af43f5200 mode 2
Event: 12.554 Thread 0x000002157a4c8510 Uncommon trap: trap_request=0xffffffbe fr.pc=0x0000021565d6de98 relative=0x00000000000003b8
Event: 12.554 Thread 0x000002157a4c8510 Uncommon trap: reason=profile_predicate action=maybe_recompile pc=0x0000021565d6de98 method=sun.instrument.TransformerManager.transform(Ljava/lang/Module;Ljava/lang/ClassLoader;Ljava/lang/String;Ljava/lang/Class;Ljava/security/ProtectionDomain;[B)[B @ 21 
Event: 12.554 Thread 0x000002157a4c8510 DEOPT PACKING pc=0x0000021565d6de98 sp=0x0000008af43f52f0
Event: 12.554 Thread 0x000002157a4c8510 DEOPT UNPACKING pc=0x00000215658069a3 sp=0x0000008af43f5200 mode 2
Event: 12.555 Thread 0x000002157a4c8510 Uncommon trap: trap_request=0xffffffbe fr.pc=0x0000021565d6de98 relative=0x00000000000003b8
Event: 12.555 Thread 0x000002157a4c8510 Uncommon trap: reason=profile_predicate action=maybe_recompile pc=0x0000021565d6de98 method=sun.instrument.TransformerManager.transform(Ljava/lang/Module;Ljava/lang/ClassLoader;Ljava/lang/String;Ljava/lang/Class;Ljava/security/ProtectionDomain;[B)[B @ 21 
Event: 12.555 Thread 0x000002157a4c8510 DEOPT PACKING pc=0x0000021565d6de98 sp=0x0000008af43f52f0
Event: 12.555 Thread 0x000002157a4c8510 DEOPT UNPACKING pc=0x00000215658069a3 sp=0x0000008af43f5200 mode 2
Event: 12.555 Thread 0x000002157a4c8510 Uncommon trap: trap_request=0xffffffbe fr.pc=0x0000021565d6de98 relative=0x00000000000003b8
Event: 12.555 Thread 0x000002157a4c8510 Uncommon trap: reason=profile_predicate action=maybe_recompile pc=0x0000021565d6de98 method=sun.instrument.TransformerManager.transform(Ljava/lang/Module;Ljava/lang/ClassLoader;Ljava/lang/String;Ljava/lang/Class;Ljava/security/ProtectionDomain;[B)[B @ 21 
Event: 12.555 Thread 0x000002157a4c8510 DEOPT PACKING pc=0x0000021565d6de98 sp=0x0000008af43f5300
Event: 12.555 Thread 0x000002157a4c8510 DEOPT UNPACKING pc=0x00000215658069a3 sp=0x0000008af43f5210 mode 2
Event: 12.555 Thread 0x000002157a4c8510 Uncommon trap: trap_request=0xffffffbe fr.pc=0x0000021565dbbd18 relative=0x0000000000000358
Event: 12.555 Thread 0x000002157a4c8510 Uncommon trap: reason=profile_predicate action=maybe_recompile pc=0x0000021565dbbd18 method=sun.instrument.TransformerManager.transform(Ljava/lang/Module;Ljava/lang/ClassLoader;Ljava/lang/String;Ljava/lang/Class;Ljava/security/ProtectionDomain;[B)[B @ 21 
Event: 12.555 Thread 0x000002157a4c8510 DEOPT PACKING pc=0x0000021565dbbd18 sp=0x0000008af43f5250
Event: 12.555 Thread 0x000002157a4c8510 DEOPT UNPACKING pc=0x00000215658069a3 sp=0x0000008af43f5208 mode 2

Classes unloaded (0 events):
No events

Classes redefined (0 events):
No events

Internal exceptions (20 events):
Event: 8.754 Thread 0x000002157a4c8510 Exception <a 'java/lang/NoSuchMethodError'{0x0000000084255268}: 'java.lang.Object java.lang.invoke.DirectMethodHandle$Holder.newInvokeSpecial(java.lang.Object, java.lang.Object, java.lang.Object, java.lang.Object, java.lang.Object, int)'> (0x0000000084255268) 
thrown [s\src\hotspot\share\interpreter\linkResolver.cpp, line 771]
Event: 8.754 Thread 0x000002157a4c8510 Exception <a 'java/lang/NoSuchMethodError'{0x000000008425a6c0}: 'java.lang.Object java.lang.invoke.DirectMethodHandle$Holder.invokeSpecial(java.lang.Object, java.lang.Object, java.lang.Object, java.lang.Object, java.lang.Object, java.lang.Object, int)'> (0x000000008425a6c0) 
thrown [s\src\hotspot\share\interpreter\linkResolver.cpp, line 771]
Event: 8.760 Thread 0x000002157a4c8510 Exception <a 'java/lang/NoSuchMethodError'{0x0000000084291438}: 'java.lang.Object java.lang.invoke.DirectMethodHandle$Holder.invokeSpecial(java.lang.Object, java.lang.Object, java.lang.Object, java.lang.Object, java.lang.Object, long)'> (0x0000000084291438) 
thrown [s\src\hotspot\share\interpreter\linkResolver.cpp, line 771]
Event: 8.762 Thread 0x000002157a4c8510 Exception <a 'java/lang/NoSuchMethodError'{0x00000000842b3b18}: 'void java.lang.invoke.DirectMethodHandle$Holder.invokeStatic(java.lang.Object, java.lang.Object, java.lang.Object, int, java.lang.Object)'> (0x00000000842b3b18) 
thrown [s\src\hotspot\share\interpreter\linkResolver.cpp, line 771]
Event: 10.406 Thread 0x000002157a4c8510 Exception <a 'java/lang/NoSuchMethodError'{0x00000000840ea908}: 'long java.lang.invoke.DirectMethodHandle$Holder.invokeVirtual(java.lang.Object, java.lang.Object)'> (0x00000000840ea908) 
thrown [s\src\hotspot\share\interpreter\linkResolver.cpp, line 771]
Event: 10.412 Thread 0x000002157a4c61a0 Exception <a 'java/lang/NoSuchMethodError'{0x0000000083f85e78}: static Lorg/gradle/internal/build/event/types/DefaultOperationFinishedProgressEvent;.<clinit>()V> (0x0000000083f85e78) 
thrown [s\src\hotspot\share\prims\jni.cpp, line 1108]
Event: 10.417 Thread 0x000002157a4c61a0 Exception <a 'java/lang/NoSuchMethodError'{0x0000000083fad6c8}: static Lorg/gradle/internal/build/event/types/DefaultProjectConfigurationSuccessResult;.<clinit>()V> (0x0000000083fad6c8) 
thrown [s\src\hotspot\share\prims\jni.cpp, line 1108]
Event: 10.417 Thread 0x000002157a4c61a0 Exception <a 'java/lang/NoSuchMethodError'{0x0000000083fb1a00}: static Lorg/gradle/internal/build/event/types/AbstractProjectConfigurationResult;.<clinit>()V> (0x0000000083fb1a00) 
thrown [s\src\hotspot\share\prims\jni.cpp, line 1108]
Event: 10.417 Thread 0x000002157a4c61a0 Exception <a 'java/lang/NoSuchMethodError'{0x0000000083fb3138}: static Lorg/gradle/internal/build/event/types/AbstractOperationResult;.<clinit>()V> (0x0000000083fb3138) 
thrown [s\src\hotspot\share\prims\jni.cpp, line 1108]
Event: 10.418 Thread 0x000002157a4c61a0 Exception <a 'java/lang/NoSuchMethodError'{0x0000000083fb4348}: static Lorg/gradle/internal/build/event/types/AbstractResult;.<clinit>()V> (0x0000000083fb4348) 
thrown [s\src\hotspot\share\prims\jni.cpp, line 1108]
Event: 10.420 Thread 0x000002157a4c61a0 Exception <a 'java/lang/NoSuchMethodError'{0x0000000083fcad08}: static Lorg/gradle/internal/build/event/types/DefaultPluginApplicationResult;.<clinit>()V> (0x0000000083fcad08) 
thrown [s\src\hotspot\share\prims\jni.cpp, line 1108]
Event: 10.421 Thread 0x000002157a4c61a0 Exception <a 'java/lang/NoSuchMethodError'{0x0000000083fd6dc0}: static Lorg/gradle/internal/build/event/types/DefaultBinaryPluginIdentifier;.<clinit>()V> (0x0000000083fd6dc0) 
thrown [s\src\hotspot\share\prims\jni.cpp, line 1108]
Event: 10.423 Thread 0x000002157a4c61a0 Exception <a 'java/lang/NoSuchMethodError'{0x0000000083feed28}: static Lorg/gradle/internal/build/event/types/DefaultScriptPluginIdentifier;.<clinit>()V> (0x0000000083feed28) 
thrown [s\src\hotspot\share\prims\jni.cpp, line 1108]
Event: 10.498 Thread 0x000002157a4c8510 Implicit null exception at 0x0000021565fc9c92 to 0x0000021565fca37c
Event: 10.498 Thread 0x000002157a4c8510 Implicit null exception at 0x0000021565fcb594 to 0x0000021565fcbc5c
Event: 10.903 Thread 0x000002157a4c8510 Exception <a 'java/lang/NoSuchMethodError'{0x0000000084db8860}: 'void java.lang.invoke.Invokers$Holder.invoke_MT(java.lang.Object, java.lang.Object, java.lang.Object, java.lang.Object)'> (0x0000000084db8860) 
thrown [s\src\hotspot\share\interpreter\linkResolver.cpp, line 771]
Event: 10.909 Thread 0x000002157a4c8510 Exception <a 'java/lang/ClassNotFoundException'{0x0000000084def4e0}: sun/misc/SharedSecrets> (0x0000000084def4e0) 
thrown [s\src\hotspot\share\classfile\systemDictionary.cpp, line 256]
Event: 10.909 Thread 0x000002157a4c8510 Exception <a 'java/lang/ClassNotFoundException'{0x0000000084df0ab8}: org/gradle/api/internal/plugins/DefaultObjectConfigurationActionBeanInfo> (0x0000000084df0ab8) 
thrown [s\src\hotspot\share\classfile\systemDictionary.cpp, line 256]
Event: 10.910 Thread 0x000002157a4c8510 Exception <a 'java/lang/ClassNotFoundException'{0x0000000084c082d0}: org/gradle/api/internal/plugins/DefaultObjectConfigurationActionCustomizer> (0x0000000084c082d0) 
thrown [s\src\hotspot\share\classfile\systemDictionary.cpp, line 256]
Event: 11.990 Thread 0x000002157a4c8510 Exception <a 'java/lang/NoSuchMethodError'{0x0000000085d52070}: 'int java.lang.invoke.DirectMethodHandle$Holder.invokeInterface(java.lang.Object, java.lang.Object, java.lang.Object, java.lang.Object)'> (0x0000000085d52070) 
thrown [s\src\hotspot\share\interpreter\linkResolver.cpp, line 771]

VM Operations (20 events):
Event: 11.669 Executing VM operation: G1CollectForAllocation
Event: 11.671 Executing VM operation: G1CollectForAllocation done
Event: 11.974 Executing VM operation: HandshakeAllThreads
Event: 11.974 Executing VM operation: HandshakeAllThreads done
Event: 11.986 Executing VM operation: HandshakeAllThreads
Event: 11.987 Executing VM operation: HandshakeAllThreads done
Event: 11.988 Executing VM operation: HandshakeAllThreads
Event: 11.989 Executing VM operation: HandshakeAllThreads done
Event: 12.031 Executing VM operation: HandshakeAllThreads
Event: 12.032 Executing VM operation: HandshakeAllThreads done
Event: 12.097 Executing VM operation: HandshakeAllThreads
Event: 12.097 Executing VM operation: HandshakeAllThreads done
Event: 12.241 Executing VM operation: HandshakeAllThreads
Event: 12.241 Executing VM operation: HandshakeAllThreads done
Event: 12.649 Executing VM operation: G1CollectForAllocation
Event: 12.652 Executing VM operation: G1CollectForAllocation done
Event: 12.688 Executing VM operation: G1PauseRemark
Event: 12.691 Executing VM operation: G1PauseRemark done
Event: 12.707 Executing VM operation: G1PauseCleanup
Event: 12.708 Executing VM operation: G1PauseCleanup done

Events (20 events):
Event: 12.249 Thread 0x0000021574c2cfa0 flushing nmethod 0x000002155ec98c10
Event: 12.250 Thread 0x0000021574c2cfa0 flushing nmethod 0x000002155ed2bd90
Event: 12.250 Thread 0x0000021574c2cfa0 flushing nmethod 0x000002155ed36c10
Event: 12.250 Thread 0x0000021574c2cfa0 flushing nmethod 0x000002155ed36f90
Event: 12.250 Thread 0x0000021574c2cfa0 flushing nmethod 0x000002155ed82510
Event: 12.250 Thread 0x0000021574c2cfa0 flushing nmethod 0x000002155edf5290
Event: 12.303 loading class java/text/ParsePosition
Event: 12.303 loading class java/text/ParsePosition done
Event: 12.303 loading class java/text/CalendarBuilder
Event: 12.325 loading class java/text/CalendarBuilder done
Event: 12.326 loading class java/util/spi/CalendarNameProvider
Event: 12.326 loading class java/util/spi/CalendarNameProvider done
Event: 12.326 loading class sun/util/locale/provider/CalendarDataUtility$CalendarFieldValueNamesMapGetter
Event: 12.326 loading class sun/util/locale/provider/CalendarDataUtility$CalendarFieldValueNamesMapGetter done
Event: 12.326 loading class sun/util/cldr/CLDRCalendarNameProviderImpl
Event: 12.326 loading class sun/util/locale/provider/CalendarNameProviderImpl
Event: 12.327 loading class sun/util/locale/provider/CalendarNameProviderImpl done
Event: 12.327 loading class sun/util/cldr/CLDRCalendarNameProviderImpl done
Event: 12.327 loading class sun/util/locale/provider/CalendarNameProviderImpl$LengthBasedComparator
Event: 12.327 loading class sun/util/locale/provider/CalendarNameProviderImpl$LengthBasedComparator done


Dynamic libraries:
0x00007ff7a6e80000 - 0x00007ff7a6e8a000 	C:\Program Files\Android\Android Studio\jbr\bin\java.exe
0x00007ffe91910000 - 0x00007ffe91b05000 	C:\Windows\SYSTEM32\ntdll.dll
0x00007ffe90840000 - 0x00007ffe908fd000 	C:\Windows\System32\KERNEL32.DLL
0x00007ffe8f0f0000 - 0x00007ffe8f3bd000 	C:\Windows\System32\KERNELBASE.dll
0x00007ffe8f7d0000 - 0x00007ffe8f8d0000 	C:\Windows\System32\ucrtbase.dll
0x00007ffe65c70000 - 0x00007ffe65c87000 	C:\Program Files\Android\Android Studio\jbr\bin\jli.dll
0x00007ffe62f20000 - 0x00007ffe62f3b000 	C:\Program Files\Android\Android Studio\jbr\bin\VCRUNTIME140.dll
0x00007ffe906a0000 - 0x00007ffe90840000 	C:\Windows\System32\USER32.dll
0x00007ffe8f020000 - 0x00007ffe8f042000 	C:\Windows\System32\win32u.dll
0x00007ffe902f0000 - 0x00007ffe9031a000 	C:\Windows\System32\GDI32.dll
0x00007ffe8f520000 - 0x00007ffe8f62b000 	C:\Windows\System32\gdi32full.dll
0x00007ffe8f730000 - 0x00007ffe8f7cd000 	C:\Windows\System32\msvcp_win.dll
0x00007ffe76c10000 - 0x00007ffe76eaa000 	C:\Windows\WinSxS\amd64_microsoft.windows.common-controls_6595b64144ccf1df_6.0.19041.1110_none_60b5254171f9507e\COMCTL32.dll
0x00007ffe8f960000 - 0x00007ffe8f9fe000 	C:\Windows\System32\msvcrt.dll
0x00007ffe91060000 - 0x00007ffe91090000 	C:\Windows\System32\IMM32.DLL
0x00007ffe89d30000 - 0x00007ffe89d3c000 	C:\Program Files\Android\Android Studio\jbr\bin\vcruntime140_1.dll
0x00007ffe5f470000 - 0x00007ffe5f4fd000 	C:\Program Files\Android\Android Studio\jbr\bin\msvcp140.dll
0x00007ffe258c0000 - 0x00007ffe26543000 	C:\Program Files\Android\Android Studio\jbr\bin\server\jvm.dll
0x00007ffe8fba0000 - 0x00007ffe8fc4e000 	C:\Windows\System32\ADVAPI32.dll
0x00007ffe90190000 - 0x00007ffe9022c000 	C:\Windows\System32\sechost.dll
0x00007ffe8fa00000 - 0x00007ffe8fb25000 	C:\Windows\System32\RPCRT4.dll
0x00007ffe85110000 - 0x00007ffe85137000 	C:\Windows\SYSTEM32\WINMM.dll
0x00007ffe8ede0000 - 0x00007ffe8ee2b000 	C:\Windows\SYSTEM32\POWRPROF.dll
0x00007ffe87d60000 - 0x00007ffe87d6a000 	C:\Windows\SYSTEM32\VERSION.dll
0x00007ffe87880000 - 0x00007ffe87889000 	C:\Windows\SYSTEM32\WSOCK32.dll
0x00007ffe912c0000 - 0x00007ffe9132b000 	C:\Windows\System32\ws2_32.DLL
0x00007ffe8edc0000 - 0x00007ffe8edd2000 	C:\Windows\SYSTEM32\UMPDC.dll
0x00007ffe8d870000 - 0x00007ffe8d882000 	C:\Windows\SYSTEM32\kernel.appcore.dll
0x00007ffe853f0000 - 0x00007ffe853fa000 	C:\Program Files\Android\Android Studio\jbr\bin\jimage.dll
0x00007ffe8d660000 - 0x00007ffe8d844000 	C:\Windows\SYSTEM32\DBGHELP.DLL
0x00007ffe6c640000 - 0x00007ffe6c66c000 	C:\Windows\SYSTEM32\dbgcore.DLL
0x00007ffe8f8d0000 - 0x00007ffe8f952000 	C:\Windows\System32\bcryptPrimitives.dll
0x00007ffe74570000 - 0x00007ffe7457e000 	C:\Program Files\Android\Android Studio\jbr\bin\instrument.dll
0x00007ffe65a50000 - 0x00007ffe65a75000 	C:\Program Files\Android\Android Studio\jbr\bin\java.dll
0x00007ffe6bc30000 - 0x00007ffe6bc48000 	C:\Program Files\Android\Android Studio\jbr\bin\zip.dll
0x00007ffe90900000 - 0x00007ffe91044000 	C:\Windows\System32\SHELL32.dll
0x00007ffe8cdf0000 - 0x00007ffe8d584000 	C:\Windows\SYSTEM32\windows.storage.dll
0x00007ffe90340000 - 0x00007ffe90694000 	C:\Windows\System32\combase.dll
0x00007ffe8ea10000 - 0x00007ffe8ea3c000 	C:\Windows\SYSTEM32\Wldp.dll
0x00007ffe8ff50000 - 0x00007ffe8fffd000 	C:\Windows\System32\SHCORE.dll
0x00007ffe91120000 - 0x00007ffe91175000 	C:\Windows\System32\shlwapi.dll
0x00007ffe8ef60000 - 0x00007ffe8ef7f000 	C:\Windows\SYSTEM32\profapi.dll
0x00007ffe6b010000 - 0x00007ffe6b029000 	C:\Program Files\Android\Android Studio\jbr\bin\net.dll
0x00007ffe82a40000 - 0x00007ffe82b4a000 	C:\Windows\SYSTEM32\WINHTTP.dll
0x00007ffe8e6f0000 - 0x00007ffe8e75a000 	C:\Windows\system32\mswsock.dll
0x00007ffe66980000 - 0x00007ffe66996000 	C:\Program Files\Android\Android Studio\jbr\bin\nio.dll
0x00007ffe82680000 - 0x00007ffe82690000 	C:\Program Files\Android\Android Studio\jbr\bin\verify.dll
0x00007ffe65c90000 - 0x00007ffe65cb7000 	C:\Users\Lenovo V14 G2\.gradle\native\c067742578af261105cb4f569cf0c3c89f3d7b1fecec35dd04571415982c5e48\windows-amd64\native-platform.dll
0x00007ffe4bb40000 - 0x00007ffe4bc84000 	C:\Users\Lenovo V14 G2\.gradle\native\38dada09dfb8b06ba9b0570ebf7e218e3eb74d4ef43ca46872605cf95ebc2f47\windows-amd64\native-platform-file-events.dll
0x00007ffe7d0a0000 - 0x00007ffe7d0a9000 	C:\Program Files\Android\Android Studio\jbr\bin\management.dll
0x00007ffe7cae0000 - 0x00007ffe7caeb000 	C:\Program Files\Android\Android Studio\jbr\bin\management_ext.dll
0x00007ffe91050000 - 0x00007ffe91058000 	C:\Windows\System32\PSAPI.DLL
0x00007ffe8e910000 - 0x00007ffe8e928000 	C:\Windows\SYSTEM32\CRYPTSP.dll
0x00007ffe8e050000 - 0x00007ffe8e084000 	C:\Windows\system32\rsaenh.dll
0x00007ffe8f050000 - 0x00007ffe8f077000 	C:\Windows\System32\bcrypt.dll
0x00007ffe8ef20000 - 0x00007ffe8ef4e000 	C:\Windows\SYSTEM32\USERENV.dll
0x00007ffe8e900000 - 0x00007ffe8e90c000 	C:\Windows\SYSTEM32\CRYPTBASE.dll
0x00007ffe8e3d0000 - 0x00007ffe8e40b000 	C:\Windows\SYSTEM32\IPHLPAPI.DLL
0x00007ffe8fb30000 - 0x00007ffe8fb38000 	C:\Windows\System32\NSI.dll
0x00007ffe87af0000 - 0x00007ffe87b07000 	C:\Windows\SYSTEM32\dhcpcsvc6.DLL
0x00007ffe87f80000 - 0x00007ffe87f9d000 	C:\Windows\SYSTEM32\dhcpcsvc.DLL
0x00007ffe8e410000 - 0x00007ffe8e4db000 	C:\Windows\SYSTEM32\DNSAPI.dll
0x00007ffe80f60000 - 0x00007ffe80f67000 	C:\Windows\system32\wshunix.dll

dbghelp: loaded successfully - version: 4.0.5 - missing functions: none
symbol engine: initialized successfully - sym options: 0x614 - pdb path: .;C:\Program Files\Android\Android Studio\jbr\bin;C:\Windows\SYSTEM32;C:\Windows\WinSxS\amd64_microsoft.windows.common-controls_6595b64144ccf1df_6.0.19041.1110_none_60b5254171f9507e;C:\Program Files\Android\Android Studio\jbr\bin\server;C:\Users\Lenovo V14 G2\.gradle\native\c067742578af261105cb4f569cf0c3c89f3d7b1fecec35dd04571415982c5e48\windows-amd64;C:\Users\Lenovo V14 G2\.gradle\native\38dada09dfb8b06ba9b0570ebf7e218e3eb74d4ef43ca46872605cf95ebc2f47\windows-amd64

VM Arguments:
jvm_args: --add-opens=java.base/java.util=ALL-UNNAMED --add-opens=java.base/java.lang=ALL-UNNAMED --add-opens=java.base/java.lang.invoke=ALL-UNNAMED --add-opens=java.prefs/java.util.prefs=ALL-UNNAMED --add-opens=java.base/java.nio.charset=ALL-UNNAMED --add-opens=java.base/java.net=ALL-UNNAMED --add-opens=java.base/java.util.concurrent.atomic=ALL-UNNAMED -Xmx2048m -Dfile.encoding=UTF-8 -Duser.country=US -Duser.language=en -Duser.variant -javaagent:C:\Users\Lenovo V14 G2\.gradle\wrapper\dists\gradle-8.4-bin\1w5dpkrfk8irigvoxmyhowfim\gradle-8.4\lib\agents\gradle-instrumentation-agent-8.4.jar 
java_command: org.gradle.launcher.daemon.bootstrap.GradleDaemon 8.4
java_class_path (initial): C:\Users\Lenovo V14 G2\.gradle\wrapper\dists\gradle-8.4-bin\1w5dpkrfk8irigvoxmyhowfim\gradle-8.4\lib\gradle-launcher-8.4.jar
Launcher Type: SUN_STANDARD

[Global flags]
     intx CICompilerCount                          = 4                                         {product} {ergonomic}
     uint ConcGCThreads                            = 2                                         {product} {ergonomic}
     uint G1ConcRefinementThreads                  = 8                                         {product} {ergonomic}
   size_t G1HeapRegionSize                         = 1048576                                   {product} {ergonomic}
    uintx GCDrainStackTargetSize                   = 64                                        {product} {ergonomic}
   size_t InitialHeapSize                          = 98566144                                  {product} {ergonomic}
   size_t MarkStackSize                            = 4194304                                   {product} {ergonomic}
   size_t MaxHeapSize                              = 2147483648                                {product} {command line}
   size_t MaxNewSize                               = 1287651328                                {product} {ergonomic}
   size_t MinHeapDeltaBytes                        = 1048576                                   {product} {ergonomic}
   size_t MinHeapSize                              = 8388608                                   {product} {ergonomic}
    uintx NonNMethodCodeHeapSize                   = 5839372                                {pd product} {ergonomic}
    uintx NonProfiledCodeHeapSize                  = 122909434                              {pd product} {ergonomic}
    uintx ProfiledCodeHeapSize                     = 122909434                              {pd product} {ergonomic}
    uintx ReservedCodeCacheSize                    = 251658240                              {pd product} {ergonomic}
     bool SegmentedCodeCache                       = true                                      {product} {ergonomic}
   size_t SoftMaxHeapSize                          = 2147483648                             {manageable} {ergonomic}
     bool UseCompressedClassPointers               = true                           {product lp64_product} {ergonomic}
     bool UseCompressedOops                        = true                           {product lp64_product} {ergonomic}
     bool UseG1GC                                  = true                                      {product} {ergonomic}
     bool UseLargePagesIndividualAllocation        = false                                  {pd product} {ergonomic}

Logging:
Log output configuration:
 #0: stdout all=warning uptime,level,tags
 #1: stderr all=off uptime,level,tags

Environment Variables:
JAVA_HOME=C:\Program Files\Zulu\zulu-11
PATH=C:\Program Files\Zulu\zulu-11\bin\;C:\Program Files (x86)\Common Files\Oracle\Java\javapath;C:\Windows\system32;C:\Windows;C:\Windows\System32\Wbem;C:\Windows\System32\WindowsPowerShell\v1.0\;C:\Windows\System32\OpenSSH\;C:\Program Files\Git\cmd;C:\Users\Lenovo V14 G2\3D Objects\web dev\Think Tailwind;C:\Program Files\dotnet\;C:\Users\Lenovo V14 G2\AppData\Roaming\nvm;C:\Program Files\nodejs;C:\Users\Lenovo V14 G2\Documents\Bangkit\Kotlin\JDK\gradle-8.5\bin;C:\Gradle;C:\Users\Lenovo V14 G2\AppData\Local\Microsoft\WindowsApps;C:\Users\Lenovo V14 G2\AppData\Local\Programs\Microsoft VS Code\bin;C:\Users\Lenovo V14 G2\AppData\Roaming\npm;C:\Users\Lenovo V14 G2\3D Objects\web dev\Think Tailwind;C:\Users\Lenovo V14 G2\AppData\Roaming\nvm;C:\Program Files\nodejs
USERNAME=Lenovo V14 G2
OS=Windows_NT
PROCESSOR_IDENTIFIER=AMD64 Family 23 Model 104 Stepping 1, AuthenticAMD
TMP=C:\Users\LENOVO~1\AppData\Local\Temp
TEMP=C:\Users\LENOVO~1\AppData\Local\Temp



Periodic native trim disabled

JNI global refs:
JNI global refs: 26, weak refs: 1

JNI global refs memory usage: 843, weak refs: 841

OOME stack traces (most recent first):
Classloader memory used:
Loader org.gradle.internal.classloader.VisitableURLClassLoader                         : 3487K
Loader bootstrap                                                                       : 2461K
Loader org.gradle.initialization.MixInLegacyTypesClassLoader                           : 1054K
Loader org.gradle.internal.classloader.VisitableURLClassLoader$InstrumentingVisitableURLClassLoader: 555K
Loader jdk.internal.loader.ClassLoaders$PlatformClassLoader                            : 65715B
Loader jdk.internal.loader.ClassLoaders$AppClassLoader                                 : 28453B
Loader jdk.internal.reflect.DelegatingClassLoader                                      : 27069B
Loader org.gradle.internal.classloader.VisitableURLClassLoader                         : 8099B

Classes loaded by more than one classloader:
Class Program                                                                         : loaded 4 times (x 72B)
Class com.google.common.collect.Iterators$MergingIterator                             : loaded 2 times (x 79B)
Class [Lcom.google.common.collect.AbstractMapEntry;                                   : loaded 2 times (x 67B)
Class com.google.common.collect.SingletonImmutableList                                : loaded 2 times (x 167B)
Class com.google.common.cache.CacheLoader$SupplierToCacheLoader                       : loaded 2 times (x 73B)
Class org.gradle.internal.classpath.ClassPath                                         : loaded 2 times (x 68B)
Class com.google.common.cache.RemovalListener                                         : loaded 2 times (x 68B)
Class org.gradle.api.internal.classpath.DefaultModuleRegistry                         : loaded 2 times (x 84B)
Class Settings_gradle$1$1                                                             : loaded 2 times (x 72B)
Class com.google.common.collect.ListMultimap                                          : loaded 2 times (x 68B)
Class com.google.common.base.CharMatcher$JavaDigit                                    : loaded 2 times (x 109B)
Class com.google.common.base.CharMatcher$Digit                                        : loaded 2 times (x 110B)
Class com.google.common.collect.AbstractMultimap                                      : loaded 2 times (x 121B)
Class com.google.common.cache.CacheBuilder$OneWeigher                                 : loaded 2 times (x 80B)
Class org.gradle.api.Action                                                           : loaded 2 times (x 68B)
Class com.google.common.collect.ImmutableEntry                                        : loaded 2 times (x 80B)
Class com.google.common.collect.Lists$StringAsImmutableList                           : loaded 2 times (x 167B)
Class com.google.common.base.CharMatcher                                              : loaded 2 times (x 109B)
Class com.google.common.base.CharMatcher$IsNot                                        : loaded 2 times (x 109B)
Class com.google.common.base.Splitter                                                 : loaded 2 times (x 70B)
Class [Lcom.google.common.cache.Weigher;                                              : loaded 2 times (x 67B)
Class com.google.common.collect.Iterators$ArrayItr                                    : loaded 2 times (x 95B)
Class com.google.common.cache.LocalCache$Segment                                      : loaded 2 times (x 152B)
Class org.gradle.api.internal.DefaultClassPathProvider                                : loaded 2 times (x 74B)
Class org.gradle.internal.installation.GradleInstallation$1                           : loaded 2 times (x 73B)
Class com.google.common.base.CharMatcher$BitSetMatcher                                : loaded 2 times (x 110B)
Class com.google.common.collect.ImmutableMap$IteratorBasedImmutableMap                : loaded 2 times (x 123B)
Class com.google.common.collect.ImmutableMap                                          : loaded 2 times (x 118B)
Class com.google.common.base.Converter                                                : loaded 2 times (x 88B)
Class com.google.common.collect.ImmutableSet$EmptySetBuilderImpl                      : loaded 2 times (x 74B)
Class com.google.common.base.Equivalence                                              : loaded 2 times (x 80B)
Class com.google.common.cache.LocalCache$EntryFactory$1                               : loaded 2 times (x 81B)
Class com.google.common.cache.LocalCache$EntryFactory$2                               : loaded 2 times (x 81B)
Class com.google.common.cache.LocalCache$EntryFactory$3                               : loaded 2 times (x 81B)
Class com.google.common.cache.LocalCache$EntryFactory$4                               : loaded 2 times (x 81B)
Class com.google.common.cache.LocalCache$EntryFactory$5                               : loaded 2 times (x 81B)
Class com.google.common.cache.LocalCache$EntryFactory$6                               : loaded 2 times (x 81B)
Class com.google.common.cache.LocalCache$EntryFactory$7                               : loaded 2 times (x 81B)
Class com.google.common.cache.LocalCache$EntryFactory$8                               : loaded 2 times (x 81B)
Class com.google.common.base.Predicate                                                : loaded 2 times (x 68B)
Class org.gradle.internal.classloader.FilteringClassLoader                            : loaded 2 times (x 103B)
Class com.google.common.collect.RegularImmutableSet                                   : loaded 2 times (x 146B)
Class [Lcom.google.common.cache.LocalCache$Strength;                                  : loaded 2 times (x 67B)
Class org.gradle.internal.classpath.DefaultClassPath$ImmutableUniqueList$Builder      : loaded 2 times (x 73B)
Class com.google.common.collect.Maps$8                                                : loaded 2 times (x 80B)
Class [Lcom.google.common.cache.CacheBuilder$NullListener;                            : loaded 2 times (x 67B)
Class com.google.common.base.PatternCompiler                                          : loaded 2 times (x 68B)
Class com.google.common.base.CharMatcher$InRange                                      : loaded 2 times (x 109B)
Class com.google.common.collect.BiMap                                                 : loaded 2 times (x 68B)
Class com.google.common.collect.Lists                                                 : loaded 2 times (x 69B)
Class com.google.common.math.IntMath$1                                                : loaded 2 times (x 69B)
Class org.gradle.internal.classloader.ClassLoaderVisitor                              : loaded 2 times (x 74B)
Class com.google.common.cache.CacheBuilder$NullListener                               : loaded 2 times (x 80B)
Class com.google.common.math.MathPreconditions                                        : loaded 2 times (x 69B)
Class org.gradle.internal.service.DefaultServiceLocator                               : loaded 2 times (x 81B)
Class org.gradle.internal.service.UnknownServiceException                             : loaded 2 times (x 81B)
Class com.google.common.collect.ArrayListMultimap                                     : loaded 2 times (x 170B)
Class com.google.common.base.Strings                                                  : loaded 2 times (x 69B)
Class com.google.common.cache.CacheLoader$InvalidCacheLoadException                   : loaded 2 times (x 80B)
Class org.gradle.internal.classloader.DefaultClassLoaderFactory                       : loaded 2 times (x 80B)
Class com.google.common.collect.UnmodifiableIterator                                  : loaded 2 times (x 78B)
Class com.google.common.base.Platform$JdkPatternCompiler                              : loaded 2 times (x 73B)
Class com.google.common.cache.LocalCache$LoadingValueReference                        : loaded 2 times (x 94B)
Class com.google.common.base.CharMatcher$SingleWidth                                  : loaded 2 times (x 110B)
Class com.google.common.collect.Hashing                                               : loaded 2 times (x 69B)
Class com.google.common.base.JdkPattern                                               : loaded 2 times (x 73B)
Class com.google.common.collect.Multimap                                              : loaded 2 times (x 68B)
Class com.google.common.base.FunctionalEquivalence                                    : loaded 2 times (x 81B)
Class com.google.common.cache.LocalCache$1                                            : loaded 2 times (x 87B)
Class com.google.common.cache.LocalCache$2                                            : loaded 2 times (x 140B)
Class org.gradle.internal.classloader.VisitableURLClassLoader$Spec                    : loaded 2 times (x 72B)
Class org.gradle.api.GradleException                                                  : loaded 2 times (x 80B)
Class com.google.common.base.CharMatcher$JavaLetterOrDigit                            : loaded 2 times (x 109B)
Class org.gradle.api.internal.classpath.ModuleRegistry                                : loaded 2 times (x 68B)
Class com.google.common.cache.CacheBuilder                                            : loaded 2 times (x 70B)
Class com.google.common.collect.ImmutableCollection                                   : loaded 2 times (x 123B)
Class com.google.common.base.PairwiseEquivalence                                      : loaded 2 times (x 81B)
Class com.google.common.base.Ticker                                                   : loaded 2 times (x 70B)
Class org.gradle.api.internal.ClassPathProvider                                       : loaded 2 times (x 68B)
Class com.google.common.collect.RegularImmutableMap$Values                            : loaded 2 times (x 167B)
Class org.gradle.internal.classloader.ClasspathUtil$1                                 : loaded 2 times (x 74B)
Class com.google.common.collect.ImmutableEnumMap                                      : loaded 2 times (x 123B)
Class com.google.common.collect.ImmutableList$ReverseImmutableList                    : loaded 2 times (x 168B)
Class com.google.common.cache.AbstractCache$StatsCounter                              : loaded 2 times (x 68B)
Class com.google.common.cache.LocalCache$Strength$1                                   : loaded 2 times (x 79B)
Class com.google.common.cache.LocalCache$Strength$2                                   : loaded 2 times (x 79B)
Class com.google.common.cache.LocalCache$Strength$3                                   : loaded 2 times (x 79B)
Class org.gradle.internal.classloader.ClassLoaderFactory                              : loaded 2 times (x 68B)
Class com.google.common.collect.ObjectArrays                                          : loaded 2 times (x 69B)
Class com.google.common.collect.Iterators$10                                          : loaded 2 times (x 79B)
Class com.google.common.collect.ImmutableList                                         : loaded 2 times (x 166B)
Class org.gradle.api.internal.classpath.ManifestUtil                                  : loaded 2 times (x 69B)
Class org.gradle.api.specs.Spec                                                       : loaded 2 times (x 68B)
Class com.google.common.cache.CacheLoader$UnsupportedLoadingOperationException        : loaded 2 times (x 80B)
Class com.google.common.base.CharMatcher$Whitespace                                   : loaded 2 times (x 110B)
Class com.google.common.collect.Iterators$1                                           : loaded 2 times (x 79B)
Class com.google.common.collect.Iterators$4                                           : loaded 2 times (x 80B)
Class com.google.common.collect.RegularImmutableMap$BucketOverflowException           : loaded 2 times (x 80B)
Class com.google.common.collect.Iterators$5                                           : loaded 2 times (x 80B)
Class com.google.common.base.Equivalence$Equals                                       : loaded 2 times (x 80B)
Class com.google.common.base.Preconditions                                            : loaded 2 times (x 69B)
Class com.google.common.base.Function                                                 : loaded 2 times (x 68B)
Class com.google.common.collect.Iterators$9                                           : loaded 2 times (x 79B)
Class org.gradle.internal.IoActions                                                   : loaded 2 times (x 69B)
Class com.google.common.cache.ReferenceEntry                                          : loaded 2 times (x 68B)
Class com.google.common.collect.RegularImmutableMap$KeySet                            : loaded 2 times (x 148B)
Class com.google.common.collect.CollectPreconditions                                  : loaded 2 times (x 69B)
Class com.google.common.collect.Maps                                                  : loaded 2 times (x 69B)
Class com.google.common.collect.RegularImmutableMap                                   : loaded 2 times (x 119B)
Class com.google.common.collect.AbstractIndexedListIterator                           : loaded 2 times (x 94B)
Class com.google.common.base.CharMatcher$None                                         : loaded 2 times (x 110B)
Class org.gradle.api.internal.classpath.EffectiveClassPath                            : loaded 2 times (x 88B)
Class com.google.common.collect.UnmodifiableListIterator                              : loaded 2 times (x 93B)
Class com.google.common.cache.CacheLoader$FunctionToCacheLoader                       : loaded 2 times (x 73B)
Class com.google.common.cache.CacheBuilder$1                                          : loaded 2 times (x 83B)
Class com.google.common.cache.CacheBuilder$2                                          : loaded 2 times (x 70B)
Class com.google.common.collect.ImmutableList$1                                       : loaded 2 times (x 95B)
Class com.google.common.base.Splitter$Strategy                                        : loaded 2 times (x 68B)
Class com.google.common.collect.ImmutableMapEntrySet$RegularEntrySet                  : loaded 2 times (x 149B)
Class [Lcom.google.common.cache.RemovalListener;                                      : loaded 2 times (x 67B)
Class [Lcom.google.common.collect.ImmutableMapEntry;                                  : loaded 2 times (x 67B)
Class org.gradle.internal.installation.CurrentGradleInstallation                      : loaded 2 times (x 71B)
Class org.gradle.internal.agents.InstrumentingClassLoader                             : loaded 2 times (x 68B)
Class org.gradle.internal.installation.CurrentGradleInstallationLocator               : loaded 2 times (x 69B)
Class [Lcom.google.common.cache.LocalCache$Segment;                                   : loaded 2 times (x 67B)
Class org.gradle.api.internal.classpath.Module                                        : loaded 2 times (x 68B)
Class com.google.common.base.Splitter$1$1                                             : loaded 2 times (x 84B)
Class com.google.common.collect.ImmutableSet$JdkBackedSetBuilderImpl                  : loaded 2 times (x 74B)
Class com.google.common.collect.ImmutableSet$RegularSetBuilderImpl                    : loaded 2 times (x 75B)
Class org.gradle.internal.service.CachingServiceLocator                               : loaded 2 times (x 80B)
Class [Lcom.google.common.collect.ImmutableEntry;                                     : loaded 2 times (x 67B)
Class org.gradle.internal.classpath.DefaultClassPath                                  : loaded 2 times (x 88B)
Class com.google.common.base.Splitter$SplittingIterator                               : loaded 2 times (x 82B)
Class com.google.common.cache.LocalCache$LocalManualCache$1                           : loaded 2 times (x 73B)
Class Build_gradle$1                                                                  : loaded 2 times (x 76B)
Class [Lcom.google.common.cache.LocalCache$EntryFactory;                              : loaded 2 times (x 67B)
Class com.google.common.base.CharMatcher$Is                                           : loaded 2 times (x 109B)
Class com.google.common.base.Platform                                                 : loaded 2 times (x 69B)
Class com.google.common.collect.RegularImmutableAsList                                : loaded 2 times (x 176B)
Class com.google.common.collect.PeekingIterator                                       : loaded 2 times (x 68B)
Class com.google.common.collect.ImmutableMapEntrySet                                  : loaded 2 times (x 149B)
Class com.google.common.cache.CacheLoader                                             : loaded 2 times (x 72B)
Class com.google.common.collect.ImmutableBiMapFauxverideShim                          : loaded 2 times (x 118B)
Class com.google.common.cache.Cache                                                   : loaded 2 times (x 68B)
Class org.gradle.internal.classloader.SystemClassLoaderSpec                           : loaded 2 times (x 69B)
Class com.google.common.collect.SingletonImmutableSet                                 : loaded 2 times (x 144B)
Class [Lcom.google.common.base.AbstractIterator$State;                                : loaded 2 times (x 67B)
Class com.google.common.collect.ImmutableMap$Builder                                  : loaded 2 times (x 80B)
Class com.google.common.base.AbstractIterator                                         : loaded 2 times (x 78B)
Class com.google.common.base.AbstractIterator$1                                       : loaded 2 times (x 69B)
Class [Lcom.google.common.cache.CacheBuilder$OneWeigher;                              : loaded 2 times (x 67B)
Class com.google.common.collect.Iterators                                             : loaded 2 times (x 69B)
Class com.google.common.base.CharMatcher$1                                            : loaded 2 times (x 111B)
Class com.google.common.base.CharMatcher$Ascii                                        : loaded 2 times (x 110B)
Class com.google.common.cache.LocalCache$ComputingValueReference                      : loaded 2 times (x 94B)
Class org.gradle.api.UncheckedIOException                                             : loaded 2 times (x 80B)
Class com.google.common.base.CharMatcher$And                                          : loaded 2 times (x 110B)
Class com.google.common.collect.IndexedImmutableSet                                   : loaded 2 times (x 148B)
Class com.google.common.collect.AbstractListMultimap                                  : loaded 2 times (x 170B)
Class com.google.common.base.CharMatcher$Any                                          : loaded 2 times (x 110B)
Class org.gradle.internal.installation.GradleInstallation                             : loaded 2 times (x 73B)
Class com.google.common.cache.LocalCache$Strength                                     : loaded 2 times (x 79B)
Class com.google.common.collect.ArrayListMultimapGwtSerializationDependencies         : loaded 2 times (x 170B)
Class com.google.common.base.CharMatcher$RangesMatcher                                : loaded 2 times (x 110B)
Class com.google.common.collect.ImmutableList$SubList                                 : loaded 2 times (x 168B)
Class com.google.common.cache.LocalCache$ValueReference                               : loaded 2 times (x 68B)
Class org.gradle.internal.classloader.ClasspathUtil                                   : loaded 2 times (x 69B)
Class com.google.common.base.Splitter$1                                               : loaded 2 times (x 75B)
Class com.google.common.base.Ticker$1                                                 : loaded 2 times (x 70B)
Class com.google.common.collect.Maps$BiMapConverter                                   : loaded 2 times (x 88B)
Class org.gradle.api.internal.DefaultClassPathRegistry                                : loaded 2 times (x 74B)
Class com.google.common.collect.ImmutableSet$SetBuilderImpl                           : loaded 2 times (x 74B)
Class org.gradle.api.internal.classpath.DefaultModuleRegistry$DefaultModule           : loaded 2 times (x 84B)
Class com.google.common.base.CharMatcher$JavaIsoControl                               : loaded 2 times (x 110B)
Class com.google.common.collect.ImmutableMap$1                                        : loaded 2 times (x 79B)
Class com.google.common.base.CharMatcher$Or                                           : loaded 2 times (x 110B)
Class org.gradle.kotlin.dsl.VersionCatalogAccessorsKt                                 : loaded 2 times (x 69B)
Class com.google.common.base.Suppliers$SupplierOfInstance                             : loaded 2 times (x 77B)
Class com.google.common.collect.Iterables                                             : loaded 2 times (x 69B)
Class com.google.common.base.CharMatcher$JavaLowerCase                                : loaded 2 times (x 109B)
Class org.gradle.api.internal.classpath.UnknownModuleException                        : loaded 2 times (x 80B)
Class com.google.common.collect.Maps$EntryTransformer                                 : loaded 2 times (x 68B)
Class com.google.common.collect.ImmutableCollection$Builder                           : loaded 2 times (x 74B)
Class com.google.common.base.CommonPattern                                            : loaded 2 times (x 72B)
Class com.google.common.base.Suppliers                                                : loaded 2 times (x 69B)
Class com.google.common.cache.LoadingCache                                            : loaded 2 times (x 68B)
Class org.gradle.internal.service.ServiceLookupException                              : loaded 2 times (x 80B)
Class org.gradle.cache.GlobalCache                                                    : loaded 2 times (x 68B)
Class com.google.common.base.CharMatcher$NegatedFastMatcher                           : loaded 2 times (x 111B)
Class [Lorg.gradle.api.internal.ClassPathProvider;                                    : loaded 2 times (x 67B)
Class org.gradle.util.internal.GUtil                                                  : loaded 2 times (x 69B)
Class com.google.common.math.IntMath                                                  : loaded 2 times (x 69B)
Class com.google.common.collect.AbstractIterator                                      : loaded 2 times (x 80B)
Class org.gradle.internal.classloader.ClassLoaderSpec                                 : loaded 2 times (x 69B)
Class com.google.common.base.NullnessCasts                                            : loaded 2 times (x 69B)
Class com.google.common.cache.LocalCache$LocalManualCache                             : loaded 2 times (x 97B)
Class com.google.common.collect.AbstractMapEntry                                      : loaded 2 times (x 79B)
Class com.google.common.base.CharMatcher$Negated                                      : loaded 2 times (x 111B)
Class com.google.common.cache.CacheLoader$1                                           : loaded 2 times (x 73B)
Class com.google.common.collect.ImmutableSet$Builder                                  : loaded 2 times (x 83B)
Class com.google.common.base.CharMatcher$ForPredicate                                 : loaded 2 times (x 110B)
Class com.google.common.collect.ImmutableMap$MapViewOfValuesAsSingletonSets           : loaded 2 times (x 123B)
Class com.google.common.base.MoreObjects                                              : loaded 2 times (x 69B)
Class com.google.common.collect.SortedMapDifference                                   : loaded 2 times (x 68B)
Class com.google.common.cache.CacheStats                                              : loaded 2 times (x 69B)
Class org.gradle.internal.classloader.VisitableURLClassLoader                         : loaded 2 times (x 115B)
Class com.google.common.cache.LocalCache$LocalLoadingCache                            : loaded 2 times (x 132B)
Class com.google.common.base.Supplier                                                 : loaded 2 times (x 68B)
Class com.google.common.collect.ImmutableBiMap                                        : loaded 2 times (x 141B)
Class org.gradle.internal.Cast                                                        : loaded 2 times (x 69B)
Class Build_gradle                                                                    : loaded 2 times (x 70B)
Class org.gradle.api.internal.ClassPathRegistry                                       : loaded 2 times (x 68B)
Class com.google.common.cache.LocalCache$EntryFactory                                 : loaded 2 times (x 81B)
Class com.google.common.util.concurrent.UncheckedExecutionException                   : loaded 2 times (x 80B)
Class com.google.common.collect.ImmutableSet                                          : loaded 2 times (x 143B)
Class org.gradle.internal.classloader.VisitableURLClassLoader$InstrumentingVisitableURLClassLoader: loaded 2 times (x 121B)
Class org.gradle.internal.classloader.ClassLoaderHierarchy                            : loaded 2 times (x 68B)
Class com.google.common.base.AbstractIterator$State                                   : loaded 2 times (x 77B)
Class com.google.common.cache.Weigher                                                 : loaded 2 times (x 68B)
Class com.google.common.base.CharMatcher$NamedFastMatcher                             : loaded 2 times (x 110B)
Class org.gradle.internal.InternalTransformer                                         : loaded 2 times (x 68B)
Class org.gradle.internal.service.ServiceLocator                                      : loaded 2 times (x 68B)
Class Settings_gradle$1                                                               : loaded 2 times (x 72B)
Class com.google.common.collect.ImmutableMapEntry                                     : loaded 2 times (x 83B)
Class com.google.common.base.CharMatcher$Invisible                                    : loaded 2 times (x 110B)
Class com.google.common.base.CharMatcher$FastMatcher                                  : loaded 2 times (x 109B)
Class org.gradle.internal.classpath.DefaultClassPath$ImmutableUniqueList              : loaded 2 times (x 159B)
Class com.google.common.base.CharMatcher$JavaLetter                                   : loaded 2 times (x 109B)
Class org.gradle.internal.classpath.TransformedClassPath                              : loaded 2 times (x 94B)
Class com.google.common.collect.MapDifference                                         : loaded 2 times (x 68B)
Class Settings_gradle                                                                 : loaded 2 times (x 126B)
Class com.google.common.collect.Platform                                              : loaded 2 times (x 69B)
Class com.google.common.collect.ImmutableAsList                                       : loaded 2 times (x 169B)
Class com.google.common.util.concurrent.ExecutionError                                : loaded 2 times (x 80B)
Class com.google.common.base.Equivalence$Identity                                     : loaded 2 times (x 80B)
Class com.google.common.base.CharMatcher$AnyOf                                        : loaded 2 times (x 110B)
Class com.google.common.base.CharMatcher$IsEither                                     : loaded 2 times (x 109B)
Class com.google.common.cache.LocalCache                                              : loaded 2 times (x 185B)
Class com.google.common.collect.RegularImmutableList                                  : loaded 2 times (x 172B)
Class com.google.common.base.CharMatcher$JavaUpperCase                                : loaded 2 times (x 109B)
Class com.google.common.collect.Multiset                                              : loaded 2 times (x 68B)
Class com.google.common.collect.ImmutableSet$CachingAsList                            : loaded 2 times (x 145B)
Class com.google.common.collect.ImmutableMapEntry$NonTerminalImmutableMapEntry        : loaded 2 times (x 83B)
Class com.google.common.collect.AbstractMapBasedMultimap                              : loaded 2 times (x 137B)


---------------  S Y S T E M  ---------------

OS:
 Windows 10 , 64 bit Build 19041 (10.0.19041.1706)
OS uptime: 0 days 4:40 hours
Hyper-V role detected

CPU: total 8 (initial active 8) (8 cores per cpu, 2 threads per core) family 23 model 104 stepping 1 microcode 0x0, cx8, cmov, fxsr, ht, mmx, 3dnowpref, sse, sse2, sse3, ssse3, sse4a, sse4.1, sse4.2, popcnt, lzcnt, tsc, tscinvbit, avx, avx2, aes, clmul, bmi1, bmi2, adx, sha, fma, vzeroupper, clflush, clflushopt, hv
Processor Information for all 8 processors :
  Max Mhz: 2600, Current Mhz: 2600, Mhz Limit: 2600

Memory: 4k page, system-wide physical 5989M (205M free)
TotalPageFile size 24421M (AvailPageFile size 7M)
current process WorkingSet (physical memory assigned to process): 292M, peak: 292M
current process commit charge ("private bytes"): 362M, peak: 365M

vm_info: OpenJDK 64-Bit Server VM (17.0.9+0--11185874) for windows-amd64 JRE (17.0.9+0--11185874), built on Dec  6 2023 18:57:44 by "androidbuild" with MS VC++ 16.10 / 16.11 (VS2019)

END.
